{"C:\\Users\\64887\\ocr-kb-matcher\\backend\\src\\middleware\\auth.ts": {"path":"C:\\Users\\64887\\ocr-kb-matcher\\backend\\src\\middleware\\auth.ts","statementMap":{"0":{"start":{"line":2,"column":22},"end":{"line":12,"column":3}},"1":{"start":{"line":3,"column":4},"end":{"line":3,"column":33}},"2":{"start":{"line":3,"column":26},"end":{"line":3,"column":33}},"3":{"start":{"line":4,"column":15},"end":{"line":4,"column":52}},"4":{"start":{"line":5,"column":4},"end":{"line":7,"column":5}},"5":{"start":{"line":6,"column":6},"end":{"line":6,"column":68}},"6":{"start":{"line":6,"column":51},"end":{"line":6,"column":63}},"7":{"start":{"line":8,"column":4},"end":{"line":8,"column":39}},"8":{"start":{"line":10,"column":4},"end":{"line":10,"column":33}},"9":{"start":{"line":10,"column":26},"end":{"line":10,"column":33}},"10":{"start":{"line":11,"column":4},"end":{"line":11,"column":17}},"11":{"start":{"line":13,"column":25},"end":{"line":17,"column":2}},"12":{"start":{"line":14,"column":4},"end":{"line":14,"column":72}},"13":{"start":{"line":16,"column":4},"end":{"line":16,"column":21}},"14":{"start":{"line":18,"column":19},"end":{"line":34,"column":4}},"15":{"start":{"line":19,"column":18},"end":{"line":26,"column":5}},"16":{"start":{"line":20,"column":8},"end":{"line":24,"column":10}},"17":{"start":{"line":21,"column":21},"end":{"line":21,"column":23}},"18":{"start":{"line":22,"column":12},"end":{"line":22,"column":95}},"19":{"start":{"line":22,"column":29},"end":{"line":22,"column":95}},"20":{"start":{"line":22,"column":77},"end":{"line":22,"column":95}},"21":{"start":{"line":23,"column":12},"end":{"line":23,"column":22}},"22":{"start":{"line":25,"column":8},"end":{"line":25,"column":26}},"23":{"start":{"line":27,"column":4},"end":{"line":33,"column":6}},"24":{"start":{"line":28,"column":8},"end":{"line":28,"column":46}},"25":{"start":{"line":28,"column":35},"end":{"line":28,"column":46}},"26":{"start":{"line":29,"column":21},"end":{"line":29,"column":23}},"27":{"start":{"line":30,"column":8},"end":{"line":30,"column":137}},"28":{"start":{"line":30,"column":25},"end":{"line":30,"column":137}},"29":{"start":{"line":30,"column":38},"end":{"line":30,"column":50}},"30":{"start":{"line":30,"column":56},"end":{"line":30,"column":57}},"31":{"start":{"line":30,"column":78},"end":{"line":30,"column":137}},"32":{"start":{"line":30,"column":102},"end":{"line":30,"column":137}},"33":{"start":{"line":31,"column":8},"end":{"line":31,"column":40}},"34":{"start":{"line":32,"column":8},"end":{"line":32,"column":22}},"35":{"start":{"line":35,"column":0},"end":{"line":35,"column":62}},"36":{"start":{"line":36,"column":0},"end":{"line":36,"column":62}},"37":{"start":{"line":37,"column":0},"end":{"line":37,"column":36}},"38":{"start":{"line":38,"column":0},"end":{"line":38,"column":36}},"39":{"start":{"line":39,"column":0},"end":{"line":39,"column":34}},"40":{"start":{"line":40,"column":0},"end":{"line":40,"column":36}},"41":{"start":{"line":41,"column":0},"end":{"line":41,"column":40}},"42":{"start":{"line":42,"column":0},"end":{"line":42,"column":50}},"43":{"start":{"line":43,"column":0},"end":{"line":43,"column":48}},"44":{"start":{"line":44,"column":15},"end":{"line":44,"column":52}},"45":{"start":{"line":45,"column":21},"end":{"line":45,"column":54}},"46":{"start":{"line":46,"column":26},"end":{"line":46,"column":64}},"47":{"start":{"line":47,"column":17},"end":{"line":47,"column":41}},"48":{"start":{"line":49,"column":23},"end":{"line":49,"column":48}},"49":{"start":{"line":56,"column":4},"end":{"line":59,"column":5}},"50":{"start":{"line":57,"column":8},"end":{"line":57,"column":15}},"51":{"start":{"line":58,"column":8},"end":{"line":58,"column":15}},"52":{"start":{"line":60,"column":4},"end":{"line":63,"column":5}},"53":{"start":{"line":61,"column":8},"end":{"line":61,"column":92}},"54":{"start":{"line":62,"column":8},"end":{"line":62,"column":15}},"55":{"start":{"line":64,"column":18},"end":{"line":64,"column":39}},"56":{"start":{"line":65,"column":4},"end":{"line":68,"column":5}},"57":{"start":{"line":66,"column":8},"end":{"line":66,"column":95}},"58":{"start":{"line":67,"column":8},"end":{"line":67,"column":15}},"59":{"start":{"line":69,"column":18},"end":{"line":69,"column":26}},"60":{"start":{"line":70,"column":4},"end":{"line":93,"column":5}},"61":{"start":{"line":71,"column":24},"end":{"line":71,"column":66}},"62":{"start":{"line":72,"column":8},"end":{"line":81,"column":9}},"63":{"start":{"line":75,"column":12},"end":{"line":78,"column":13}},"64":{"start":{"line":76,"column":16},"end":{"line":76,"column":23}},"65":{"start":{"line":77,"column":16},"end":{"line":77,"column":23}},"66":{"start":{"line":79,"column":12},"end":{"line":79,"column":86}},"67":{"start":{"line":80,"column":12},"end":{"line":80,"column":19}},"68":{"start":{"line":82,"column":8},"end":{"line":82,"column":115}},"69":{"start":{"line":83,"column":8},"end":{"line":83,"column":15}},"70":{"start":{"line":87,"column":8},"end":{"line":90,"column":9}},"71":{"start":{"line":88,"column":12},"end":{"line":88,"column":19}},"72":{"start":{"line":89,"column":12},"end":{"line":89,"column":19}},"73":{"start":{"line":91,"column":24},"end":{"line":91,"column":80}},"74":{"start":{"line":92,"column":8},"end":{"line":92,"column":65}},"75":{"start":{"line":96,"column":23},"end":{"line":96,"column":48}},"76":{"start":{"line":97,"column":4},"end":{"line":100,"column":5}},"77":{"start":{"line":98,"column":8},"end":{"line":98,"column":15}},"78":{"start":{"line":99,"column":8},"end":{"line":99,"column":15}},"79":{"start":{"line":101,"column":18},"end":{"line":101,"column":39}},"80":{"start":{"line":102,"column":4},"end":{"line":105,"column":5}},"81":{"start":{"line":103,"column":8},"end":{"line":103,"column":15}},"82":{"start":{"line":104,"column":8},"end":{"line":104,"column":15}},"83":{"start":{"line":106,"column":18},"end":{"line":106,"column":26}},"84":{"start":{"line":107,"column":4},"end":{"line":117,"column":5}},"85":{"start":{"line":108,"column":24},"end":{"line":108,"column":66}},"86":{"start":{"line":109,"column":8},"end":{"line":112,"column":9}},"87":{"start":{"line":110,"column":12},"end":{"line":110,"column":19}},"88":{"start":{"line":111,"column":12},"end":{"line":111,"column":19}},"89":{"start":{"line":113,"column":8},"end":{"line":113,"column":115}},"90":{"start":{"line":118,"column":4},"end":{"line":118,"column":11}},"91":{"start":{"line":121,"column":4},"end":{"line":128,"column":5}},"92":{"start":{"line":122,"column":8},"end":{"line":126,"column":11}},"93":{"start":{"line":127,"column":8},"end":{"line":127,"column":15}},"94":{"start":{"line":129,"column":4},"end":{"line":129,"column":11}},"95":{"start":{"line":132,"column":4},"end":{"line":139,"column":5}},"96":{"start":{"line":133,"column":8},"end":{"line":137,"column":11}},"97":{"start":{"line":138,"column":8},"end":{"line":138,"column":15}},"98":{"start":{"line":140,"column":4},"end":{"line":143,"column":5}},"99":{"start":{"line":141,"column":8},"end":{"line":141,"column":15}},"100":{"start":{"line":142,"column":8},"end":{"line":142,"column":15}},"101":{"start":{"line":144,"column":24},"end":{"line":144,"column":48}},"102":{"start":{"line":145,"column":4},"end":{"line":151,"column":5}},"103":{"start":{"line":146,"column":26},"end":{"line":146,"column":81}},"104":{"start":{"line":146,"column":58},"end":{"line":146,"column":80}},"105":{"start":{"line":147,"column":8},"end":{"line":150,"column":9}},"106":{"start":{"line":148,"column":12},"end":{"line":148,"column":19}},"107":{"start":{"line":149,"column":12},"end":{"line":149,"column":19}},"108":{"start":{"line":152,"column":4},"end":{"line":155,"column":7}},"109":{"start":{"line":158,"column":22},"end":{"line":158,"column":31}},"110":{"start":{"line":159,"column":25},"end":{"line":159,"column":36}},"111":{"start":{"line":160,"column":28},"end":{"line":160,"column":42}},"112":{"start":{"line":161,"column":18},"end":{"line":161,"column":28}},"113":{"start":{"line":163,"column":16},"end":{"line":163,"column":26}},"114":{"start":{"line":164,"column":4},"end":{"line":170,"column":5}},"115":{"start":{"line":166,"column":8},"end":{"line":169,"column":9}},"116":{"start":{"line":168,"column":12},"end":{"line":168,"column":38}},"117":{"start":{"line":177,"column":0},"end":{"line":177,"column":93}},"118":{"start":{"line":183,"column":16},"end":{"line":183,"column":26}},"119":{"start":{"line":185,"column":4},"end":{"line":188,"column":5}},"120":{"start":{"line":186,"column":8},"end":{"line":186,"column":31}},"121":{"start":{"line":187,"column":8},"end":{"line":187,"column":26}},"122":{"start":{"line":189,"column":28},"end":{"line":189,"column":54}},"123":{"start":{"line":190,"column":18},"end":{"line":190,"column":52}},"124":{"start":{"line":191,"column":4},"end":{"line":194,"column":5}},"125":{"start":{"line":192,"column":27},"end":{"line":192,"column":70}},"126":{"start":{"line":193,"column":8},"end":{"line":193,"column":44}},"127":{"start":{"line":195,"column":4},"end":{"line":195,"column":29}},"128":{"start":{"line":207,"column":16},"end":{"line":207,"column":26}},"129":{"start":{"line":208,"column":28},"end":{"line":208,"column":54}},"130":{"start":{"line":209,"column":16},"end":{"line":209,"column":50}},"131":{"start":{"line":210,"column":4},"end":{"line":213,"column":5}},"132":{"start":{"line":211,"column":8},"end":{"line":211,"column":47}},"133":{"start":{"line":212,"column":8},"end":{"line":212,"column":50}},"134":{"start":{"line":214,"column":4},"end":{"line":214,"column":18}},"135":{"start":{"line":215,"column":4},"end":{"line":215,"column":28}},"136":{"start":{"line":216,"column":4},"end":{"line":226,"column":5}},"137":{"start":{"line":217,"column":8},"end":{"line":217,"column":51}},"138":{"start":{"line":218,"column":8},"end":{"line":218,"column":123}},"139":{"start":{"line":219,"column":8},"end":{"line":219,"column":102}},"140":{"start":{"line":221,"column":9},"end":{"line":226,"column":5}},"141":{"start":{"line":222,"column":8},"end":{"line":222,"column":66}},"142":{"start":{"line":222,"column":39},"end":{"line":222,"column":64}},"143":{"start":{"line":224,"column":9},"end":{"line":226,"column":5}},"144":{"start":{"line":225,"column":8},"end":{"line":225,"column":66}},"145":{"start":{"line":225,"column":39},"end":{"line":225,"column":64}},"146":{"start":{"line":232,"column":28},"end":{"line":232,"column":54}},"147":{"start":{"line":233,"column":4},"end":{"line":233,"column":42}},"148":{"start":{"line":235,"column":0},"end":{"line":240,"column":2}},"149":{"start":{"line":241,"column":0},"end":{"line":241,"column":41}}},"fnMap":{"0":{"name":"(anonymous_0)","decl":{"start":{"line":2,"column":74},"end":{"line":2,"column":75}},"loc":{"start":{"line":2,"column":96},"end":{"line":9,"column":1}},"line":2},"1":{"name":"(anonymous_1)","decl":{"start":{"line":6,"column":38},"end":{"line":6,"column":39}},"loc":{"start":{"line":6,"column":49},"end":{"line":6,"column":65}},"line":6},"2":{"name":"(anonymous_2)","decl":{"start":{"line":9,"column":6},"end":{"line":9,"column":7}},"loc":{"start":{"line":9,"column":28},"end":{"line":12,"column":1}},"line":9},"3":{"name":"(anonymous_3)","decl":{"start":{"line":13,"column":80},"end":{"line":13,"column":81}},"loc":{"start":{"line":13,"column":95},"end":{"line":15,"column":1}},"line":13},"4":{"name":"(anonymous_4)","decl":{"start":{"line":15,"column":5},"end":{"line":15,"column":6}},"loc":{"start":{"line":15,"column":20},"end":{"line":17,"column":1}},"line":15},"5":{"name":"(anonymous_5)","decl":{"start":{"line":18,"column":51},"end":{"line":18,"column":52}},"loc":{"start":{"line":18,"column":63},"end":{"line":34,"column":1}},"line":18},"6":{"name":"(anonymous_6)","decl":{"start":{"line":19,"column":18},"end":{"line":19,"column":19}},"loc":{"start":{"line":19,"column":30},"end":{"line":26,"column":5}},"line":19},"7":{"name":"(anonymous_7)","decl":{"start":{"line":20,"column":48},"end":{"line":20,"column":49}},"loc":{"start":{"line":20,"column":61},"end":{"line":24,"column":9}},"line":20},"8":{"name":"(anonymous_8)","decl":{"start":{"line":27,"column":11},"end":{"line":27,"column":12}},"loc":{"start":{"line":27,"column":26},"end":{"line":33,"column":5}},"line":27},"9":{"name":"authenticate","decl":{"start":{"line":48,"column":9},"end":{"line":48,"column":21}},"loc":{"start":{"line":48,"column":38},"end":{"line":94,"column":1}},"line":48},"10":{"name":"optionalAuth","decl":{"start":{"line":95,"column":9},"end":{"line":95,"column":21}},"loc":{"start":{"line":95,"column":38},"end":{"line":119,"column":1}},"line":95},"11":{"name":"requireAuth","decl":{"start":{"line":120,"column":9},"end":{"line":120,"column":20}},"loc":{"start":{"line":120,"column":37},"end":{"line":130,"column":1}},"line":120},"12":{"name":"requireAdmin","decl":{"start":{"line":131,"column":9},"end":{"line":131,"column":21}},"loc":{"start":{"line":131,"column":38},"end":{"line":156,"column":1}},"line":131},"13":{"name":"(anonymous_13)","decl":{"start":{"line":146,"column":53},"end":{"line":146,"column":54}},"loc":{"start":{"line":146,"column":58},"end":{"line":146,"column":80}},"line":146},"14":{"name":"cleanupLoginAttempts","decl":{"start":{"line":162,"column":9},"end":{"line":162,"column":29}},"loc":{"start":{"line":162,"column":32},"end":{"line":171,"column":1}},"line":162},"15":{"name":"checkLoginLock","decl":{"start":{"line":182,"column":9},"end":{"line":182,"column":23}},"loc":{"start":{"line":182,"column":31},"end":{"line":196,"column":1}},"line":182},"16":{"name":"recordFailedAttempt","decl":{"start":{"line":206,"column":15},"end":{"line":206,"column":34}},"loc":{"start":{"line":206,"column":42},"end":{"line":227,"column":1}},"line":206},"17":{"name":"(anonymous_17)","decl":{"start":{"line":222,"column":26},"end":{"line":222,"column":27}},"loc":{"start":{"line":222,"column":39},"end":{"line":222,"column":64}},"line":222},"18":{"name":"(anonymous_18)","decl":{"start":{"line":225,"column":26},"end":{"line":225,"column":27}},"loc":{"start":{"line":225,"column":39},"end":{"line":225,"column":64}},"line":225},"19":{"name":"clearLoginAttempts","decl":{"start":{"line":231,"column":9},"end":{"line":231,"column":27}},"loc":{"start":{"line":231,"column":35},"end":{"line":234,"column":1}},"line":231}},"branchMap":{"0":{"loc":{"start":{"line":2,"column":22},"end":{"line":12,"column":3}},"type":"binary-expr","locations":[{"start":{"line":2,"column":23},"end":{"line":2,"column":27}},{"start":{"line":2,"column":31},"end":{"line":2,"column":51}},{"start":{"line":2,"column":57},"end":{"line":12,"column":2}}],"line":2},"1":{"loc":{"start":{"line":2,"column":57},"end":{"line":12,"column":2}},"type":"cond-expr","locations":[{"start":{"line":2,"column":74},"end":{"line":9,"column":1}},{"start":{"line":9,"column":6},"end":{"line":12,"column":1}}],"line":2},"2":{"loc":{"start":{"line":3,"column":4},"end":{"line":3,"column":33}},"type":"if","locations":[{"start":{"line":3,"column":4},"end":{"line":3,"column":33}},{"start":{},"end":{}}],"line":3},"3":{"loc":{"start":{"line":5,"column":4},"end":{"line":7,"column":5}},"type":"if","locations":[{"start":{"line":5,"column":4},"end":{"line":7,"column":5}},{"start":{},"end":{}}],"line":5},"4":{"loc":{"start":{"line":5,"column":8},"end":{"line":5,"column":85}},"type":"binary-expr","locations":[{"start":{"line":5,"column":8},"end":{"line":5,"column":13}},{"start":{"line":5,"column":18},"end":{"line":5,"column":84}}],"line":5},"5":{"loc":{"start":{"line":5,"column":18},"end":{"line":5,"column":84}},"type":"cond-expr","locations":[{"start":{"line":5,"column":34},"end":{"line":5,"column":47}},{"start":{"line":5,"column":50},"end":{"line":5,"column":84}}],"line":5},"6":{"loc":{"start":{"line":5,"column":50},"end":{"line":5,"column":84}},"type":"binary-expr","locations":[{"start":{"line":5,"column":50},"end":{"line":5,"column":63}},{"start":{"line":5,"column":67},"end":{"line":5,"column":84}}],"line":5},"7":{"loc":{"start":{"line":10,"column":4},"end":{"line":10,"column":33}},"type":"if","locations":[{"start":{"line":10,"column":4},"end":{"line":10,"column":33}},{"start":{},"end":{}}],"line":10},"8":{"loc":{"start":{"line":13,"column":25},"end":{"line":17,"column":2}},"type":"binary-expr","locations":[{"start":{"line":13,"column":26},"end":{"line":13,"column":30}},{"start":{"line":13,"column":34},"end":{"line":13,"column":57}},{"start":{"line":13,"column":63},"end":{"line":17,"column":1}}],"line":13},"9":{"loc":{"start":{"line":13,"column":63},"end":{"line":17,"column":1}},"type":"cond-expr","locations":[{"start":{"line":13,"column":80},"end":{"line":15,"column":1}},{"start":{"line":15,"column":5},"end":{"line":17,"column":1}}],"line":13},"10":{"loc":{"start":{"line":18,"column":19},"end":{"line":34,"column":4}},"type":"binary-expr","locations":[{"start":{"line":18,"column":20},"end":{"line":18,"column":24}},{"start":{"line":18,"column":28},"end":{"line":18,"column":45}},{"start":{"line":18,"column":50},"end":{"line":34,"column":4}}],"line":18},"11":{"loc":{"start":{"line":20,"column":18},"end":{"line":24,"column":9}},"type":"binary-expr","locations":[{"start":{"line":20,"column":18},"end":{"line":20,"column":44}},{"start":{"line":20,"column":48},"end":{"line":24,"column":9}}],"line":20},"12":{"loc":{"start":{"line":22,"column":29},"end":{"line":22,"column":95}},"type":"if","locations":[{"start":{"line":22,"column":29},"end":{"line":22,"column":95}},{"start":{},"end":{}}],"line":22},"13":{"loc":{"start":{"line":28,"column":8},"end":{"line":28,"column":46}},"type":"if","locations":[{"start":{"line":28,"column":8},"end":{"line":28,"column":46}},{"start":{},"end":{}}],"line":28},"14":{"loc":{"start":{"line":28,"column":12},"end":{"line":28,"column":33}},"type":"binary-expr","locations":[{"start":{"line":28,"column":12},"end":{"line":28,"column":15}},{"start":{"line":28,"column":19},"end":{"line":28,"column":33}}],"line":28},"15":{"loc":{"start":{"line":30,"column":8},"end":{"line":30,"column":137}},"type":"if","locations":[{"start":{"line":30,"column":8},"end":{"line":30,"column":137}},{"start":{},"end":{}}],"line":30},"16":{"loc":{"start":{"line":30,"column":78},"end":{"line":30,"column":137}},"type":"if","locations":[{"start":{"line":30,"column":78},"end":{"line":30,"column":137}},{"start":{},"end":{}}],"line":30},"17":{"loc":{"start":{"line":56,"column":4},"end":{"line":59,"column":5}},"type":"if","locations":[{"start":{"line":56,"column":4},"end":{"line":59,"column":5}},{"start":{},"end":{}}],"line":56},"18":{"loc":{"start":{"line":56,"column":8},"end":{"line":56,"column":60}},"type":"binary-expr","locations":[{"start":{"line":56,"column":8},"end":{"line":56,"column":45}},{"start":{"line":56,"column":49},"end":{"line":56,"column":60}}],"line":56},"19":{"loc":{"start":{"line":60,"column":4},"end":{"line":63,"column":5}},"type":"if","locations":[{"start":{"line":60,"column":4},"end":{"line":63,"column":5}},{"start":{},"end":{}}],"line":60},"20":{"loc":{"start":{"line":65,"column":4},"end":{"line":68,"column":5}},"type":"if","locations":[{"start":{"line":65,"column":4},"end":{"line":68,"column":5}},{"start":{},"end":{}}],"line":65},"21":{"loc":{"start":{"line":65,"column":8},"end":{"line":65,"column":51}},"type":"binary-expr","locations":[{"start":{"line":65,"column":8},"end":{"line":65,"column":26}},{"start":{"line":65,"column":30},"end":{"line":65,"column":51}}],"line":65},"22":{"loc":{"start":{"line":72,"column":8},"end":{"line":81,"column":9}},"type":"if","locations":[{"start":{"line":72,"column":8},"end":{"line":81,"column":9}},{"start":{},"end":{}}],"line":72},"23":{"loc":{"start":{"line":72,"column":12},"end":{"line":72,"column":83}},"type":"binary-expr","locations":[{"start":{"line":72,"column":12},"end":{"line":72,"column":23}},{"start":{"line":72,"column":27},"end":{"line":72,"column":83}}],"line":72},"24":{"loc":{"start":{"line":75,"column":12},"end":{"line":78,"column":13}},"type":"if","locations":[{"start":{"line":75,"column":12},"end":{"line":78,"column":13}},{"start":{},"end":{}}],"line":75},"25":{"loc":{"start":{"line":82,"column":80},"end":{"line":82,"column":112}},"type":"binary-expr","locations":[{"start":{"line":82,"column":80},"end":{"line":82,"column":99}},{"start":{"line":82,"column":103},"end":{"line":82,"column":112}}],"line":82},"26":{"loc":{"start":{"line":87,"column":8},"end":{"line":90,"column":9}},"type":"if","locations":[{"start":{"line":87,"column":8},"end":{"line":90,"column":9}},{"start":{},"end":{}}],"line":87},"27":{"loc":{"start":{"line":91,"column":24},"end":{"line":91,"column":80}},"type":"cond-expr","locations":[{"start":{"line":91,"column":49},"end":{"line":91,"column":62}},{"start":{"line":91,"column":65},"end":{"line":91,"column":80}}],"line":91},"28":{"loc":{"start":{"line":97,"column":4},"end":{"line":100,"column":5}},"type":"if","locations":[{"start":{"line":97,"column":4},"end":{"line":100,"column":5}},{"start":{},"end":{}}],"line":97},"29":{"loc":{"start":{"line":102,"column":4},"end":{"line":105,"column":5}},"type":"if","locations":[{"start":{"line":102,"column":4},"end":{"line":105,"column":5}},{"start":{},"end":{}}],"line":102},"30":{"loc":{"start":{"line":102,"column":8},"end":{"line":102,"column":51}},"type":"binary-expr","locations":[{"start":{"line":102,"column":8},"end":{"line":102,"column":26}},{"start":{"line":102,"column":30},"end":{"line":102,"column":51}}],"line":102},"31":{"loc":{"start":{"line":109,"column":8},"end":{"line":112,"column":9}},"type":"if","locations":[{"start":{"line":109,"column":8},"end":{"line":112,"column":9}},{"start":{},"end":{}}],"line":109},"32":{"loc":{"start":{"line":109,"column":12},"end":{"line":109,"column":83}},"type":"binary-expr","locations":[{"start":{"line":109,"column":12},"end":{"line":109,"column":23}},{"start":{"line":109,"column":27},"end":{"line":109,"column":83}}],"line":109},"33":{"loc":{"start":{"line":113,"column":80},"end":{"line":113,"column":112}},"type":"binary-expr","locations":[{"start":{"line":113,"column":80},"end":{"line":113,"column":99}},{"start":{"line":113,"column":103},"end":{"line":113,"column":112}}],"line":113},"34":{"loc":{"start":{"line":121,"column":4},"end":{"line":128,"column":5}},"type":"if","locations":[{"start":{"line":121,"column":4},"end":{"line":128,"column":5}},{"start":{},"end":{}}],"line":121},"35":{"loc":{"start":{"line":132,"column":4},"end":{"line":139,"column":5}},"type":"if","locations":[{"start":{"line":132,"column":4},"end":{"line":139,"column":5}},{"start":{},"end":{}}],"line":132},"36":{"loc":{"start":{"line":140,"column":4},"end":{"line":143,"column":5}},"type":"if","locations":[{"start":{"line":140,"column":4},"end":{"line":143,"column":5}},{"start":{},"end":{}}],"line":140},"37":{"loc":{"start":{"line":145,"column":4},"end":{"line":151,"column":5}},"type":"if","locations":[{"start":{"line":145,"column":4},"end":{"line":151,"column":5}},{"start":{},"end":{}}],"line":145},"38":{"loc":{"start":{"line":145,"column":8},"end":{"line":145,"column":37}},"type":"binary-expr","locations":[{"start":{"line":145,"column":8},"end":{"line":145,"column":19}},{"start":{"line":145,"column":23},"end":{"line":145,"column":37}}],"line":145},"39":{"loc":{"start":{"line":147,"column":8},"end":{"line":150,"column":9}},"type":"if","locations":[{"start":{"line":147,"column":8},"end":{"line":150,"column":9}},{"start":{},"end":{}}],"line":147},"40":{"loc":{"start":{"line":166,"column":8},"end":{"line":169,"column":9}},"type":"if","locations":[{"start":{"line":166,"column":8},"end":{"line":169,"column":9}},{"start":{},"end":{}}],"line":166},"41":{"loc":{"start":{"line":166,"column":12},"end":{"line":167,"column":94}},"type":"binary-expr","locations":[{"start":{"line":166,"column":13},"end":{"line":166,"column":44}},{"start":{"line":166,"column":48},"end":{"line":166,"column":72}},{"start":{"line":167,"column":13},"end":{"line":167,"column":44}},{"start":{"line":167,"column":48},"end":{"line":167,"column":93}}],"line":166},"42":{"loc":{"start":{"line":185,"column":4},"end":{"line":188,"column":5}},"type":"if","locations":[{"start":{"line":185,"column":4},"end":{"line":188,"column":5}},{"start":{},"end":{}}],"line":185},"43":{"loc":{"start":{"line":191,"column":4},"end":{"line":194,"column":5}},"type":"if","locations":[{"start":{"line":191,"column":4},"end":{"line":194,"column":5}},{"start":{},"end":{}}],"line":191},"44":{"loc":{"start":{"line":191,"column":8},"end":{"line":191,"column":67}},"type":"binary-expr","locations":[{"start":{"line":191,"column":8},"end":{"line":191,"column":40}},{"start":{"line":191,"column":44},"end":{"line":191,"column":67}}],"line":191},"45":{"loc":{"start":{"line":210,"column":4},"end":{"line":213,"column":5}},"type":"if","locations":[{"start":{"line":210,"column":4},"end":{"line":213,"column":5}},{"start":{},"end":{}}],"line":210},"46":{"loc":{"start":{"line":216,"column":4},"end":{"line":226,"column":5}},"type":"if","locations":[{"start":{"line":216,"column":4},"end":{"line":226,"column":5}},{"start":{"line":221,"column":9},"end":{"line":226,"column":5}}],"line":216},"47":{"loc":{"start":{"line":221,"column":9},"end":{"line":226,"column":5}},"type":"if","locations":[{"start":{"line":221,"column":9},"end":{"line":226,"column":5}},{"start":{"line":224,"column":9},"end":{"line":226,"column":5}}],"line":221},"48":{"loc":{"start":{"line":224,"column":9},"end":{"line":226,"column":5}},"type":"if","locations":[{"start":{"line":224,"column":9},"end":{"line":226,"column":5}},{"start":{},"end":{}}],"line":224}},"s":{"0":1,"1":177,"2":177,"3":177,"4":177,"5":177,"6":0,"7":177,"8":0,"9":0,"10":0,"11":1,"12":1,"13":0,"14":1,"15":1,"16":1,"17":0,"18":0,"19":0,"20":0,"21":0,"22":1,"23":1,"24":1,"25":0,"26":1,"27":1,"28":1,"29":1,"30":1,"31":177,"32":177,"33":1,"34":1,"35":1,"36":1,"37":1,"38":1,"39":1,"40":1,"41":1,"42":1,"43":1,"44":1,"45":1,"46":1,"47":1,"48":5,"49":5,"50":1,"51":1,"52":4,"53":1,"54":1,"55":3,"56":3,"57":1,"58":1,"59":2,"60":2,"61":2,"62":1,"63":0,"64":0,"65":0,"66":0,"67":0,"68":1,"69":1,"70":1,"71":0,"72":0,"73":1,"74":1,"75":3,"76":3,"77":1,"78":1,"79":2,"80":2,"81":0,"82":0,"83":2,"84":2,"85":2,"86":1,"87":0,"88":0,"89":1,"90":2,"91":3,"92":2,"93":2,"94":1,"95":4,"96":1,"97":1,"98":3,"99":1,"100":1,"101":2,"102":2,"103":1,"104":1,"105":1,"106":1,"107":1,"108":1,"109":1,"110":1,"111":1,"112":1,"113":0,"114":0,"115":0,"116":0,"117":1,"118":0,"119":0,"120":0,"121":0,"122":0,"123":0,"124":0,"125":0,"126":0,"127":0,"128":0,"129":0,"130":0,"131":0,"132":0,"133":0,"134":0,"135":0,"136":0,"137":0,"138":0,"139":0,"140":0,"141":0,"142":0,"143":0,"144":0,"145":0,"146":0,"147":0,"148":1,"149":1},"f":{"0":177,"1":0,"2":0,"3":1,"4":0,"5":1,"6":1,"7":0,"8":1,"9":5,"10":3,"11":3,"12":4,"13":1,"14":0,"15":0,"16":0,"17":0,"18":0,"19":0},"b":{"0":[1,1,1],"1":[1,0],"2":[177,0],"3":[177,0],"4":[177,177],"5":[0,177],"6":[177,0],"7":[0,0],"8":[1,1,1],"9":[1,0],"10":[1,1,1],"11":[1,0],"12":[0,0],"13":[0,1],"14":[1,1],"15":[1,0],"16":[177,0],"17":[1,4],"18":[5,1],"19":[1,3],"20":[1,2],"21":[3,3],"22":[0,1],"23":[1,0],"24":[0,0],"25":[1,0],"26":[0,1],"27":[1,0],"28":[1,2],"29":[0,2],"30":[2,2],"31":[0,1],"32":[1,0],"33":[1,0],"34":[2,1],"35":[1,3],"36":[1,2],"37":[1,1],"38":[2,1],"39":[1,0],"40":[0,0],"41":[0,0,0,0],"42":[0,0],"43":[0,0],"44":[0,0],"45":[0,0],"46":[0,0],"47":[0,0],"48":[0,0]},"_coverageSchema":"1a1c01bbd47fc00a2c39e90264f33305004495a9","hash":"0160019c9d588375f9821f12ea8da4d9a7a5b45c"}
,"C:\\Users\\64887\\ocr-kb-matcher\\backend\\src\\middleware\\quota.ts": {"path":"C:\\Users\\64887\\ocr-kb-matcher\\backend\\src\\middleware\\quota.ts","statementMap":{"0":{"start":{"line":2,"column":0},"end":{"line":2,"column":62}},"1":{"start":{"line":3,"column":0},"end":{"line":3,"column":36}},"2":{"start":{"line":4,"column":15},"end":{"line":4,"column":32}},"3":{"start":{"line":5,"column":22},"end":{"line":5,"column":56}},"4":{"start":{"line":6,"column":16},"end":{"line":6,"column":42}},"5":{"start":{"line":8,"column":24},"end":{"line":12,"column":1}},"6":{"start":{"line":15,"column":4},"end":{"line":20,"column":6}},"7":{"start":{"line":46,"column":4},"end":{"line":113,"column":6}},"8":{"start":{"line":47,"column":8},"end":{"line":112,"column":11}},"9":{"start":{"line":48,"column":12},"end":{"line":111,"column":13}},"10":{"start":{"line":49,"column":31},"end":{"line":49,"column":46}},"11":{"start":{"line":52,"column":29},"end":{"line":52,"column":73}},"12":{"start":{"line":53,"column":16},"end":{"line":56,"column":17}},"13":{"start":{"line":54,"column":20},"end":{"line":54,"column":102}},"14":{"start":{"line":55,"column":20},"end":{"line":55,"column":27}},"15":{"start":{"line":57,"column":28},"end":{"line":57,"column":38}},"16":{"start":{"line":58,"column":27},"end":{"line":58,"column":46}},"17":{"start":{"line":62,"column":16},"end":{"line":70,"column":17}},"18":{"start":{"line":63,"column":20},"end":{"line":69,"column":21}},"19":{"start":{"line":64,"column":24},"end":{"line":64,"column":38}},"20":{"start":{"line":65,"column":24},"end":{"line":65,"column":43}},"21":{"start":{"line":66,"column":24},"end":{"line":66,"column":63}},"22":{"start":{"line":67,"column":24},"end":{"line":67,"column":50}},"23":{"start":{"line":68,"column":24},"end":{"line":68,"column":64}},"24":{"start":{"line":72,"column":30},"end":{"line":72,"column":56}},"25":{"start":{"line":73,"column":16},"end":{"line":75,"column":17}},"26":{"start":{"line":74,"column":20},"end":{"line":74,"column":39}},"27":{"start":{"line":79,"column":16},"end":{"line":86,"column":17}},"28":{"start":{"line":80,"column":34},"end":{"line":80,"column":46}},"29":{"start":{"line":81,"column":20},"end":{"line":81,"column":58}},"30":{"start":{"line":82,"column":20},"end":{"line":82,"column":38}},"31":{"start":{"line":83,"column":20},"end":{"line":83,"column":44}},"32":{"start":{"line":84,"column":20},"end":{"line":84,"column":43}},"33":{"start":{"line":85,"column":20},"end":{"line":85,"column":39}},"34":{"start":{"line":88,"column":30},"end":{"line":88,"column":65}},"35":{"start":{"line":89,"column":29},"end":{"line":89,"column":44}},"36":{"start":{"line":90,"column":16},"end":{"line":100,"column":17}},"37":{"start":{"line":91,"column":37},"end":{"line":91,"column":99}},"38":{"start":{"line":92,"column":20},"end":{"line":98,"column":23}},"39":{"start":{"line":99,"column":20},"end":{"line":99,"column":27}},"40":{"start":{"line":102,"column":16},"end":{"line":102,"column":34}},"41":{"start":{"line":103,"column":16},"end":{"line":103,"column":35}},"42":{"start":{"line":104,"column":16},"end":{"line":104,"column":56}},"43":{"start":{"line":106,"column":16},"end":{"line":106,"column":81}},"44":{"start":{"line":107,"column":16},"end":{"line":107,"column":23}},"45":{"start":{"line":110,"column":16},"end":{"line":110,"column":26}}},"fnMap":{"0":{"name":"freshUsage","decl":{"start":{"line":14,"column":9},"end":{"line":14,"column":19}},"loc":{"start":{"line":14,"column":22},"end":{"line":21,"column":1}},"line":14},"1":{"name":"enforceQuota","decl":{"start":{"line":45,"column":9},"end":{"line":45,"column":21}},"loc":{"start":{"line":45,"column":32},"end":{"line":114,"column":1}},"line":45},"2":{"name":"(anonymous_2)","decl":{"start":{"line":46,"column":11},"end":{"line":46,"column":12}},"loc":{"start":{"line":46,"column":31},"end":{"line":113,"column":5}},"line":46},"3":{"name":"(anonymous_3)","decl":{"start":{"line":47,"column":42},"end":{"line":47,"column":43}},"loc":{"start":{"line":47,"column":54},"end":{"line":112,"column":9}},"line":47}},"branchMap":{"0":{"loc":{"start":{"line":53,"column":16},"end":{"line":56,"column":17}},"type":"if","locations":[{"start":{"line":53,"column":16},"end":{"line":56,"column":17}},{"start":{},"end":{}}],"line":53},"1":{"loc":{"start":{"line":58,"column":27},"end":{"line":58,"column":46}},"type":"binary-expr","locations":[{"start":{"line":58,"column":27},"end":{"line":58,"column":36}},{"start":{"line":58,"column":40},"end":{"line":58,"column":46}}],"line":58},"2":{"loc":{"start":{"line":62,"column":16},"end":{"line":70,"column":17}},"type":"if","locations":[{"start":{"line":62,"column":16},"end":{"line":70,"column":17}},{"start":{},"end":{}}],"line":62},"3":{"loc":{"start":{"line":62,"column":20},"end":{"line":62,"column":65}},"type":"binary-expr","locations":[{"start":{"line":62,"column":20},"end":{"line":62,"column":35}},{"start":{"line":62,"column":39},"end":{"line":62,"column":65}}],"line":62},"4":{"loc":{"start":{"line":63,"column":20},"end":{"line":69,"column":21}},"type":"if","locations":[{"start":{"line":63,"column":20},"end":{"line":69,"column":21}},{"start":{},"end":{}}],"line":63},"5":{"loc":{"start":{"line":72,"column":30},"end":{"line":72,"column":56}},"type":"binary-expr","locations":[{"start":{"line":72,"column":30},"end":{"line":72,"column":40}},{"start":{"line":72,"column":44},"end":{"line":72,"column":56}}],"line":72},"6":{"loc":{"start":{"line":73,"column":16},"end":{"line":75,"column":17}},"type":"if","locations":[{"start":{"line":73,"column":16},"end":{"line":75,"column":17}},{"start":{},"end":{}}],"line":73},"7":{"loc":{"start":{"line":79,"column":16},"end":{"line":86,"column":17}},"type":"if","locations":[{"start":{"line":79,"column":16},"end":{"line":86,"column":17}},{"start":{},"end":{}}],"line":79},"8":{"loc":{"start":{"line":90,"column":16},"end":{"line":100,"column":17}},"type":"if","locations":[{"start":{"line":90,"column":16},"end":{"line":100,"column":17}},{"start":{},"end":{}}],"line":90}},"s":{"0":1,"1":1,"2":1,"3":1,"4":1,"5":1,"6":3,"7":8,"8":8,"9":8,"10":8,"11":8,"12":8,"13":1,"14":1,"15":7,"16":7,"17":7,"18":1,"19":1,"20":1,"21":1,"22":1,"23":1,"24":7,"25":7,"26":1,"27":7,"28":1,"29":1,"30":1,"31":1,"32":1,"33":1,"34":7,"35":7,"36":7,"37":1,"38":1,"39":1,"40":6,"41":6,"42":6,"43":6,"44":6,"45":0},"f":{"0":3,"1":8,"2":8,"3":8},"b":{"0":[1,7],"1":[7,0],"2":[1,6],"3":[7,2],"4":[1,0],"5":[7,1],"6":[1,6],"7":[1,6],"8":[1,6]},"_coverageSchema":"1a1c01bbd47fc00a2c39e90264f33305004495a9","hash":"675b6fa7fd832a2d3d72bfb3268b2aa31b99ac6f"}
,"C:\\Users\\64887\\ocr-kb-matcher\\backend\\src\\routes\\admin.ts": {"path":"C:\\Users\\64887\\ocr-kb-matcher\\backend\\src\\routes\\admin.ts","statementMap":{"0":{"start":{"line":6,"column":0},"end":{"line":6,"column":62}},"1":{"start":{"line":7,"column":18},"end":{"line":7,"column":36}},"2":{"start":{"line":8,"column":15},"end":{"line":8,"column":44}},"3":{"start":{"line":9,"column":23},"end":{"line":9,"column":60}},"4":{"start":{"line":10,"column":22},"end":{"line":10,"column":56}},"5":{"start":{"line":11,"column":17},"end":{"line":11,"column":41}},"6":{"start":{"line":12,"column":19},"end":{"line":12,"column":50}},"7":{"start":{"line":13,"column":15},"end":{"line":13,"column":38}},"8":{"start":{"line":14,"column":0},"end":{"line":14,"column":32}},"9":{"start":{"line":15,"column":0},"end":{"line":15,"column":32}},"10":{"start":{"line":16,"column":20},"end":{"line":16,"column":49}},"11":{"start":{"line":17,"column":20},"end":{"line":17,"column":37}},"12":{"start":{"line":19,"column":4},"end":{"line":35,"column":6}},"13":{"start":{"line":40,"column":0},"end":{"line":43,"column":4}},"14":{"start":{"line":41,"column":18},"end":{"line":41,"column":56}},"15":{"start":{"line":42,"column":4},"end":{"line":42,"column":63}},"16":{"start":{"line":47,"column":0},"end":{"line":53,"column":4}},"17":{"start":{"line":48,"column":17},"end":{"line":48,"column":72}},"18":{"start":{"line":49,"column":4},"end":{"line":51,"column":5}},"19":{"start":{"line":50,"column":8},"end":{"line":50,"column":65}},"20":{"start":{"line":52,"column":4},"end":{"line":52,"column":58}},"21":{"start":{"line":57,"column":0},"end":{"line":96,"column":4}},"22":{"start":{"line":58,"column":23},"end":{"line":58,"column":33}},"23":{"start":{"line":59,"column":35},"end":{"line":59,"column":43}},"24":{"start":{"line":60,"column":4},"end":{"line":62,"column":5}},"25":{"start":{"line":61,"column":8},"end":{"line":61,"column":116}},"26":{"start":{"line":63,"column":22},"end":{"line":63,"column":26}},"27":{"start":{"line":64,"column":17},"end":{"line":64,"column":61}},"28":{"start":{"line":65,"column":4},"end":{"line":67,"column":5}},"29":{"start":{"line":66,"column":8},"end":{"line":66,"column":65}},"30":{"start":{"line":68,"column":19},"end":{"line":71,"column":5}},"31":{"start":{"line":72,"column":4},"end":{"line":88,"column":5}},"32":{"start":{"line":73,"column":8},"end":{"line":73,"column":61}},"33":{"start":{"line":74,"column":8},"end":{"line":77,"column":11}},"34":{"start":{"line":78,"column":8},"end":{"line":78,"column":134}},"35":{"start":{"line":81,"column":21},"end":{"line":85,"column":21}},"36":{"start":{"line":86,"column":8},"end":{"line":86,"column":70}},"37":{"start":{"line":87,"column":8},"end":{"line":87,"column":142}},"38":{"start":{"line":89,"column":20},"end":{"line":89,"column":64}},"39":{"start":{"line":90,"column":18},"end":{"line":93,"column":5}},"40":{"start":{"line":94,"column":4},"end":{"line":94,"column":96}},"41":{"start":{"line":95,"column":4},"end":{"line":95,"column":61}},"42":{"start":{"line":100,"column":0},"end":{"line":116,"column":4}},"43":{"start":{"line":101,"column":23},"end":{"line":101,"column":33}},"44":{"start":{"line":102,"column":21},"end":{"line":102,"column":29}},"45":{"start":{"line":103,"column":4},"end":{"line":105,"column":5}},"46":{"start":{"line":104,"column":8},"end":{"line":104,"column":116}},"47":{"start":{"line":106,"column":17},"end":{"line":106,"column":61}},"48":{"start":{"line":107,"column":4},"end":{"line":109,"column":5}},"49":{"start":{"line":108,"column":8},"end":{"line":108,"column":65}},"50":{"start":{"line":110,"column":19},"end":{"line":110,"column":48}},"51":{"start":{"line":111,"column":4},"end":{"line":111,"column":21}},"52":{"start":{"line":112,"column":4},"end":{"line":112,"column":44}},"53":{"start":{"line":113,"column":18},"end":{"line":113,"column":37}},"54":{"start":{"line":114,"column":4},"end":{"line":114,"column":96}},"55":{"start":{"line":115,"column":4},"end":{"line":115,"column":58}},"56":{"start":{"line":120,"column":0},"end":{"line":129,"column":4}},"57":{"start":{"line":121,"column":38},"end":{"line":121,"column":47}},"58":{"start":{"line":122,"column":20},"end":{"line":127,"column":6}},"59":{"start":{"line":128,"column":4},"end":{"line":128,"column":51}},"60":{"start":{"line":133,"column":0},"end":{"line":153,"column":4}},"61":{"start":{"line":134,"column":18},"end":{"line":134,"column":56}},"62":{"start":{"line":135,"column":22},"end":{"line":135,"column":72}},"63":{"start":{"line":135,"column":42},"end":{"line":135,"column":71}},"64":{"start":{"line":136,"column":25},"end":{"line":136,"column":66}},"65":{"start":{"line":136,"column":45},"end":{"line":136,"column":65}},"66":{"start":{"line":137,"column":24},"end":{"line":137,"column":64}},"67":{"start":{"line":137,"column":44},"end":{"line":137,"column":63}},"68":{"start":{"line":138,"column":23},"end":{"line":138,"column":35}},"69":{"start":{"line":139,"column":22},"end":{"line":139,"column":38}},"70":{"start":{"line":140,"column":22},"end":{"line":140,"column":62}},"71":{"start":{"line":141,"column":25},"end":{"line":141,"column":76}},"72":{"start":{"line":142,"column":34},"end":{"line":142,"column":92}},"73":{"start":{"line":142,"column":59},"end":{"line":142,"column":88}},"74":{"start":{"line":143,"column":4},"end":{"line":152,"column":7}},"75":{"start":{"line":154,"column":0},"end":{"line":154,"column":25}}},"fnMap":{"0":{"name":"sanitizeUser","decl":{"start":{"line":18,"column":9},"end":{"line":18,"column":21}},"loc":{"start":{"line":18,"column":28},"end":{"line":36,"column":1}},"line":18},"1":{"name":"(anonymous_1)","decl":{"start":{"line":40,"column":54},"end":{"line":40,"column":55}},"loc":{"start":{"line":40,"column":75},"end":{"line":43,"column":1}},"line":40},"2":{"name":"(anonymous_2)","decl":{"start":{"line":47,"column":62},"end":{"line":47,"column":63}},"loc":{"start":{"line":47,"column":82},"end":{"line":53,"column":1}},"line":47},"3":{"name":"(anonymous_3)","decl":{"start":{"line":57,"column":69},"end":{"line":57,"column":70}},"loc":{"start":{"line":57,"column":89},"end":{"line":96,"column":1}},"line":57},"4":{"name":"(anonymous_4)","decl":{"start":{"line":100,"column":69},"end":{"line":100,"column":70}},"loc":{"start":{"line":100,"column":89},"end":{"line":116,"column":1}},"line":100},"5":{"name":"(anonymous_5)","decl":{"start":{"line":120,"column":58},"end":{"line":120,"column":59}},"loc":{"start":{"line":120,"column":78},"end":{"line":129,"column":1}},"line":120},"6":{"name":"(anonymous_6)","decl":{"start":{"line":133,"column":54},"end":{"line":133,"column":55}},"loc":{"start":{"line":133,"column":75},"end":{"line":153,"column":1}},"line":133},"7":{"name":"(anonymous_7)","decl":{"start":{"line":135,"column":35},"end":{"line":135,"column":36}},"loc":{"start":{"line":135,"column":42},"end":{"line":135,"column":71}},"line":135},"8":{"name":"(anonymous_8)","decl":{"start":{"line":136,"column":38},"end":{"line":136,"column":39}},"loc":{"start":{"line":136,"column":45},"end":{"line":136,"column":65}},"line":136},"9":{"name":"(anonymous_9)","decl":{"start":{"line":137,"column":37},"end":{"line":137,"column":38}},"loc":{"start":{"line":137,"column":44},"end":{"line":137,"column":63}},"line":137},"10":{"name":"(anonymous_10)","decl":{"start":{"line":142,"column":47},"end":{"line":142,"column":48}},"loc":{"start":{"line":142,"column":59},"end":{"line":142,"column":88}},"line":142}},"branchMap":{"0":{"loc":{"start":{"line":23,"column":14},"end":{"line":23,"column":33}},"type":"binary-expr","locations":[{"start":{"line":23,"column":14},"end":{"line":23,"column":23}},{"start":{"line":23,"column":27},"end":{"line":23,"column":33}}],"line":23},"1":{"loc":{"start":{"line":24,"column":14},"end":{"line":24,"column":33}},"type":"binary-expr","locations":[{"start":{"line":24,"column":14},"end":{"line":24,"column":23}},{"start":{"line":24,"column":27},"end":{"line":24,"column":33}}],"line":24},"2":{"loc":{"start":{"line":25,"column":31},"end":{"line":25,"column":65}},"type":"binary-expr","locations":[{"start":{"line":25,"column":31},"end":{"line":25,"column":57}},{"start":{"line":25,"column":61},"end":{"line":25,"column":65}}],"line":25},"3":{"loc":{"start":{"line":26,"column":31},"end":{"line":26,"column":65}},"type":"binary-expr","locations":[{"start":{"line":26,"column":31},"end":{"line":26,"column":57}},{"start":{"line":26,"column":61},"end":{"line":26,"column":65}}],"line":26},"4":{"loc":{"start":{"line":27,"column":15},"end":{"line":32,"column":9}},"type":"binary-expr","locations":[{"start":{"line":27,"column":15},"end":{"line":27,"column":25}},{"start":{"line":27,"column":29},"end":{"line":32,"column":9}}],"line":27},"5":{"loc":{"start":{"line":49,"column":4},"end":{"line":51,"column":5}},"type":"if","locations":[{"start":{"line":49,"column":4},"end":{"line":51,"column":5}},{"start":{},"end":{}}],"line":49},"6":{"loc":{"start":{"line":60,"column":4},"end":{"line":62,"column":5}},"type":"if","locations":[{"start":{"line":60,"column":4},"end":{"line":62,"column":5}},{"start":{},"end":{}}],"line":60},"7":{"loc":{"start":{"line":60,"column":8},"end":{"line":60,"column":44}},"type":"binary-expr","locations":[{"start":{"line":60,"column":8},"end":{"line":60,"column":13}},{"start":{"line":60,"column":17},"end":{"line":60,"column":44}}],"line":60},"8":{"loc":{"start":{"line":65,"column":4},"end":{"line":67,"column":5}},"type":"if","locations":[{"start":{"line":65,"column":4},"end":{"line":67,"column":5}},{"start":{},"end":{}}],"line":65},"9":{"loc":{"start":{"line":69,"column":14},"end":{"line":69,"column":33}},"type":"binary-expr","locations":[{"start":{"line":69,"column":14},"end":{"line":69,"column":23}},{"start":{"line":69,"column":27},"end":{"line":69,"column":33}}],"line":69},"10":{"loc":{"start":{"line":70,"column":31},"end":{"line":70,"column":65}},"type":"binary-expr","locations":[{"start":{"line":70,"column":31},"end":{"line":70,"column":57}},{"start":{"line":70,"column":61},"end":{"line":70,"column":65}}],"line":70},"11":{"loc":{"start":{"line":72,"column":4},"end":{"line":88,"column":5}},"type":"if","locations":[{"start":{"line":72,"column":4},"end":{"line":88,"column":5}},{"start":{"line":80,"column":9},"end":{"line":88,"column":5}}],"line":72},"12":{"loc":{"start":{"line":81,"column":21},"end":{"line":85,"column":21}},"type":"cond-expr","locations":[{"start":{"line":82,"column":14},"end":{"line":82,"column":26}},{"start":{"line":83,"column":14},"end":{"line":85,"column":21}}],"line":81},"13":{"loc":{"start":{"line":81,"column":21},"end":{"line":81,"column":53}},"type":"binary-expr","locations":[{"start":{"line":81,"column":21},"end":{"line":81,"column":33}},{"start":{"line":81,"column":37},"end":{"line":81,"column":53}}],"line":81},"14":{"loc":{"start":{"line":83,"column":14},"end":{"line":85,"column":21}},"type":"cond-expr","locations":[{"start":{"line":84,"column":18},"end":{"line":84,"column":20}},{"start":{"line":85,"column":18},"end":{"line":85,"column":21}}],"line":83},"15":{"loc":{"start":{"line":91,"column":14},"end":{"line":91,"column":37}},"type":"binary-expr","locations":[{"start":{"line":91,"column":14},"end":{"line":91,"column":27}},{"start":{"line":91,"column":31},"end":{"line":91,"column":37}}],"line":91},"16":{"loc":{"start":{"line":92,"column":31},"end":{"line":92,"column":69}},"type":"binary-expr","locations":[{"start":{"line":92,"column":31},"end":{"line":92,"column":61}},{"start":{"line":92,"column":65},"end":{"line":92,"column":69}}],"line":92},"17":{"loc":{"start":{"line":103,"column":4},"end":{"line":105,"column":5}},"type":"if","locations":[{"start":{"line":103,"column":4},"end":{"line":105,"column":5}},{"start":{},"end":{}}],"line":103},"18":{"loc":{"start":{"line":103,"column":8},"end":{"line":103,"column":44}},"type":"binary-expr","locations":[{"start":{"line":103,"column":8},"end":{"line":103,"column":13}},{"start":{"line":103,"column":17},"end":{"line":103,"column":44}}],"line":103},"19":{"loc":{"start":{"line":107,"column":4},"end":{"line":109,"column":5}},"type":"if","locations":[{"start":{"line":107,"column":4},"end":{"line":109,"column":5}},{"start":{},"end":{}}],"line":107},"20":{"loc":{"start":{"line":110,"column":27},"end":{"line":110,"column":46}},"type":"binary-expr","locations":[{"start":{"line":110,"column":27},"end":{"line":110,"column":36}},{"start":{"line":110,"column":40},"end":{"line":110,"column":46}}],"line":110},"21":{"loc":{"start":{"line":126,"column":15},"end":{"line":126,"column":47}},"type":"cond-expr","locations":[{"start":{"line":126,"column":23},"end":{"line":126,"column":42}},{"start":{"line":126,"column":45},"end":{"line":126,"column":47}}],"line":126},"22":{"loc":{"start":{"line":135,"column":43},"end":{"line":135,"column":59}},"type":"binary-expr","locations":[{"start":{"line":135,"column":43},"end":{"line":135,"column":49}},{"start":{"line":135,"column":53},"end":{"line":135,"column":59}}],"line":135},"23":{"loc":{"start":{"line":142,"column":66},"end":{"line":142,"column":87}},"type":"binary-expr","locations":[{"start":{"line":142,"column":66},"end":{"line":142,"column":82}},{"start":{"line":142,"column":86},"end":{"line":142,"column":87}}],"line":142}},"s":{"0":1,"1":1,"2":1,"3":1,"4":1,"5":1,"6":1,"7":1,"8":1,"9":1,"10":1,"11":1,"12":8,"13":1,"14":1,"15":1,"16":1,"17":2,"18":2,"19":1,"20":1,"21":1,"22":5,"23":5,"24":5,"25":1,"26":4,"27":4,"28":4,"29":0,"30":4,"31":4,"32":1,"33":1,"34":1,"35":3,"36":3,"37":3,"38":4,"39":4,"40":4,"41":4,"42":1,"43":2,"44":2,"45":2,"46":1,"47":1,"48":1,"49":0,"50":1,"51":1,"52":1,"53":1,"54":1,"55":1,"56":1,"57":0,"58":0,"59":0,"60":1,"61":1,"62":1,"63":3,"64":1,"65":3,"66":1,"67":3,"68":1,"69":1,"70":1,"71":1,"72":1,"73":3,"74":1,"75":1},"f":{"0":8,"1":1,"2":2,"3":5,"4":2,"5":0,"6":1,"7":3,"8":3,"9":3,"10":3},"b":{"0":[8,0],"1":[8,0],"2":[8,8],"3":[8,8],"4":[8,0],"5":[1,1],"6":[1,4],"7":[5,5],"8":[0,4],"9":[4,0],"10":[4,4],"11":[1,3],"12":[1,2],"13":[3,1],"14":[1,1],"15":[4,0],"16":[4,4],"17":[1,1],"18":[2,2],"19":[0,1],"20":[1,0],"21":[0,0],"22":[3,0],"23":[3,0]},"_coverageSchema":"1a1c01bbd47fc00a2c39e90264f33305004495a9","hash":"f9f92babad12f195ca6b01f413a9269e23057009"}
,"C:\\Users\\64887\\ocr-kb-matcher\\backend\\src\\services\\userService.ts": {"path":"C:\\Users\\64887\\ocr-kb-matcher\\backend\\src\\services\\userService.ts","statementMap":{"0":{"start":{"line":5,"column":22},"end":{"line":15,"column":3}},"1":{"start":{"line":6,"column":4},"end":{"line":6,"column":33}},"2":{"start":{"line":6,"column":26},"end":{"line":6,"column":33}},"3":{"start":{"line":7,"column":15},"end":{"line":7,"column":52}},"4":{"start":{"line":8,"column":4},"end":{"line":10,"column":5}},"5":{"start":{"line":9,"column":6},"end":{"line":9,"column":68}},"6":{"start":{"line":9,"column":51},"end":{"line":9,"column":63}},"7":{"start":{"line":11,"column":4},"end":{"line":11,"column":39}},"8":{"start":{"line":13,"column":4},"end":{"line":13,"column":33}},"9":{"start":{"line":13,"column":26},"end":{"line":13,"column":33}},"10":{"start":{"line":14,"column":4},"end":{"line":14,"column":17}},"11":{"start":{"line":16,"column":25},"end":{"line":20,"column":2}},"12":{"start":{"line":17,"column":4},"end":{"line":17,"column":72}},"13":{"start":{"line":19,"column":4},"end":{"line":19,"column":21}},"14":{"start":{"line":21,"column":19},"end":{"line":37,"column":4}},"15":{"start":{"line":22,"column":18},"end":{"line":29,"column":5}},"16":{"start":{"line":23,"column":8},"end":{"line":27,"column":10}},"17":{"start":{"line":24,"column":21},"end":{"line":24,"column":23}},"18":{"start":{"line":25,"column":12},"end":{"line":25,"column":95}},"19":{"start":{"line":25,"column":29},"end":{"line":25,"column":95}},"20":{"start":{"line":25,"column":77},"end":{"line":25,"column":95}},"21":{"start":{"line":26,"column":12},"end":{"line":26,"column":22}},"22":{"start":{"line":28,"column":8},"end":{"line":28,"column":26}},"23":{"start":{"line":30,"column":4},"end":{"line":36,"column":6}},"24":{"start":{"line":31,"column":8},"end":{"line":31,"column":46}},"25":{"start":{"line":31,"column":35},"end":{"line":31,"column":46}},"26":{"start":{"line":32,"column":21},"end":{"line":32,"column":23}},"27":{"start":{"line":33,"column":8},"end":{"line":33,"column":137}},"28":{"start":{"line":33,"column":25},"end":{"line":33,"column":137}},"29":{"start":{"line":33,"column":38},"end":{"line":33,"column":50}},"30":{"start":{"line":33,"column":56},"end":{"line":33,"column":57}},"31":{"start":{"line":33,"column":78},"end":{"line":33,"column":137}},"32":{"start":{"line":33,"column":102},"end":{"line":33,"column":137}},"33":{"start":{"line":34,"column":8},"end":{"line":34,"column":40}},"34":{"start":{"line":35,"column":8},"end":{"line":35,"column":22}},"35":{"start":{"line":38,"column":0},"end":{"line":38,"column":62}},"36":{"start":{"line":39,"column":0},"end":{"line":39,"column":29}},"37":{"start":{"line":40,"column":0},"end":{"line":40,"column":34}},"38":{"start":{"line":41,"column":0},"end":{"line":41,"column":34}},"39":{"start":{"line":42,"column":0},"end":{"line":42,"column":40}},"40":{"start":{"line":43,"column":0},"end":{"line":43,"column":32}},"41":{"start":{"line":44,"column":0},"end":{"line":44,"column":32}},"42":{"start":{"line":45,"column":0},"end":{"line":45,"column":28}},"43":{"start":{"line":46,"column":0},"end":{"line":46,"column":34}},"44":{"start":{"line":47,"column":0},"end":{"line":47,"column":40}},"45":{"start":{"line":48,"column":0},"end":{"line":48,"column":40}},"46":{"start":{"line":49,"column":0},"end":{"line":49,"column":32}},"47":{"start":{"line":50,"column":0},"end":{"line":50,"column":36}},"48":{"start":{"line":51,"column":0},"end":{"line":51,"column":40}},"49":{"start":{"line":52,"column":0},"end":{"line":52,"column":54}},"50":{"start":{"line":53,"column":15},"end":{"line":53,"column":30}},"51":{"start":{"line":54,"column":15},"end":{"line":54,"column":48}},"52":{"start":{"line":55,"column":17},"end":{"line":55,"column":40}},"53":{"start":{"line":56,"column":17},"end":{"line":56,"column":41}},"54":{"start":{"line":57,"column":27},"end":{"line":57,"column":29}},"55":{"start":{"line":58,"column":18},"end":{"line":58,"column":23}},"56":{"start":{"line":60,"column":4},"end":{"line":63,"column":5}},"57":{"start":{"line":61,"column":8},"end":{"line":61,"column":30}},"58":{"start":{"line":62,"column":8},"end":{"line":62,"column":27}},"59":{"start":{"line":66,"column":4},"end":{"line":84,"column":6}},"60":{"start":{"line":87,"column":4},"end":{"line":87,"column":24}},"61":{"start":{"line":88,"column":15},"end":{"line":88,"column":36}},"62":{"start":{"line":89,"column":17},"end":{"line":89,"column":56}},"63":{"start":{"line":90,"column":4},"end":{"line":90,"column":31}},"64":{"start":{"line":93,"column":4},"end":{"line":93,"column":24}},"65":{"start":{"line":94,"column":15},"end":{"line":94,"column":36}},"66":{"start":{"line":95,"column":16},"end":{"line":95,"column":70}},"67":{"start":{"line":96,"column":4},"end":{"line":96,"column":39}},"68":{"start":{"line":99,"column":4},"end":{"line":99,"column":24}},"69":{"start":{"line":100,"column":15},"end":{"line":100,"column":36}},"70":{"start":{"line":101,"column":16},"end":{"line":101,"column":90}},"71":{"start":{"line":102,"column":4},"end":{"line":102,"column":44}},"72":{"start":{"line":105,"column":16},"end":{"line":105,"column":26}},"73":{"start":{"line":106,"column":4},"end":{"line":106,"column":88}},"74":{"start":{"line":109,"column":4},"end":{"line":109,"column":24}},"75":{"start":{"line":110,"column":15},"end":{"line":110,"column":36}},"76":{"start":{"line":111,"column":21},"end":{"line":111,"column":53}},"77":{"start":{"line":112,"column":4},"end":{"line":114,"column":5}},"78":{"start":{"line":113,"column":8},"end":{"line":113,"column":52}},"79":{"start":{"line":115,"column":16},"end":{"line":115,"column":40}},"80":{"start":{"line":116,"column":17},"end":{"line":129,"column":5}},"81":{"start":{"line":130,"column":17},"end":{"line":143,"column":4}},"82":{"start":{"line":144,"column":4},"end":{"line":163,"column":7}},"83":{"start":{"line":164,"column":4},"end":{"line":164,"column":16}},"84":{"start":{"line":167,"column":4},"end":{"line":167,"column":24}},"85":{"start":{"line":168,"column":15},"end":{"line":168,"column":36}},"86":{"start":{"line":169,"column":21},"end":{"line":169,"column":42}},"87":{"start":{"line":170,"column":4},"end":{"line":171,"column":20}},"88":{"start":{"line":171,"column":8},"end":{"line":171,"column":20}},"89":{"start":{"line":172,"column":16},"end":{"line":172,"column":40}},"90":{"start":{"line":173,"column":19},"end":{"line":173,"column":110}},"91":{"start":{"line":174,"column":17},"end":{"line":193,"column":4}},"92":{"start":{"line":194,"column":4},"end":{"line":212,"column":7}},"93":{"start":{"line":213,"column":4},"end":{"line":213,"column":18}},"94":{"start":{"line":216,"column":4},"end":{"line":216,"column":24}},"95":{"start":{"line":217,"column":15},"end":{"line":217,"column":36}},"96":{"start":{"line":218,"column":24},"end":{"line":221,"column":5}},"97":{"start":{"line":222,"column":17},"end":{"line":252,"column":4}},"98":{"start":{"line":253,"column":4},"end":{"line":272,"column":7}},"99":{"start":{"line":275,"column":4},"end":{"line":275,"column":24}},"100":{"start":{"line":276,"column":17},"end":{"line":276,"column":42}},"101":{"start":{"line":277,"column":4},"end":{"line":278,"column":20}},"102":{"start":{"line":278,"column":8},"end":{"line":278,"column":20}},"103":{"start":{"line":279,"column":20},"end":{"line":279,"column":28}},"104":{"start":{"line":280,"column":4},"end":{"line":287,"column":5}},"105":{"start":{"line":281,"column":20},"end":{"line":281,"column":44}},"106":{"start":{"line":282,"column":8},"end":{"line":282,"column":44}},"107":{"start":{"line":283,"column":8},"end":{"line":286,"column":10}},"108":{"start":{"line":288,"column":4},"end":{"line":292,"column":5}},"109":{"start":{"line":289,"column":26},"end":{"line":289,"column":36}},"110":{"start":{"line":290,"column":8},"end":{"line":290,"column":62}},"111":{"start":{"line":291,"column":8},"end":{"line":291,"column":64}},"112":{"start":{"line":293,"column":4},"end":{"line":293,"column":39}},"113":{"start":{"line":296,"column":16},"end":{"line":296,"column":40}},"114":{"start":{"line":297,"column":4},"end":{"line":298,"column":18}},"115":{"start":{"line":298,"column":8},"end":{"line":298,"column":18}},"116":{"start":{"line":299,"column":4},"end":{"line":302,"column":35}},"117":{"start":{"line":301,"column":18},"end":{"line":301,"column":40}},"118":{"start":{"line":302,"column":21},"end":{"line":302,"column":33}},"119":{"start":{"line":305,"column":4},"end":{"line":305,"column":24}},"120":{"start":{"line":306,"column":15},"end":{"line":306,"column":36}},"121":{"start":{"line":307,"column":24},"end":{"line":307,"column":40}},"122":{"start":{"line":308,"column":4},"end":{"line":309,"column":15}},"123":{"start":{"line":309,"column":8},"end":{"line":309,"column":15}},"124":{"start":{"line":310,"column":24},"end":{"line":310,"column":25}},"125":{"start":{"line":311,"column":17},"end":{"line":311,"column":102}},"126":{"start":{"line":312,"column":16},"end":{"line":312,"column":40}},"127":{"start":{"line":313,"column":15},"end":{"line":318,"column":6}},"128":{"start":{"line":314,"column":8},"end":{"line":317,"column":9}},"129":{"start":{"line":315,"column":27},"end":{"line":315,"column":65}},"130":{"start":{"line":316,"column":12},"end":{"line":316,"column":44}},"131":{"start":{"line":319,"column":4},"end":{"line":319,"column":9}},"132":{"start":{"line":320,"column":4},"end":{"line":322,"column":5}},"133":{"start":{"line":321,"column":8},"end":{"line":321,"column":80}},"134":{"start":{"line":325,"column":4},"end":{"line":325,"column":24}},"135":{"start":{"line":326,"column":15},"end":{"line":326,"column":36}},"136":{"start":{"line":327,"column":19},"end":{"line":327,"column":71}},"137":{"start":{"line":328,"column":4},"end":{"line":328,"column":30}},"138":{"start":{"line":331,"column":4},"end":{"line":331,"column":53}},"139":{"start":{"line":334,"column":4},"end":{"line":334,"column":42}},"140":{"start":{"line":337,"column":38},"end":{"line":337,"column":42}},"141":{"start":{"line":338,"column":4},"end":{"line":341,"column":6}},"142":{"start":{"line":343,"column":0},"end":{"line":357,"column":2}},"143":{"start":{"line":358,"column":0},"end":{"line":358,"column":38}}},"fnMap":{"0":{"name":"(anonymous_0)","decl":{"start":{"line":5,"column":74},"end":{"line":5,"column":75}},"loc":{"start":{"line":5,"column":96},"end":{"line":12,"column":1}},"line":5},"1":{"name":"(anonymous_1)","decl":{"start":{"line":9,"column":38},"end":{"line":9,"column":39}},"loc":{"start":{"line":9,"column":49},"end":{"line":9,"column":65}},"line":9},"2":{"name":"(anonymous_2)","decl":{"start":{"line":12,"column":6},"end":{"line":12,"column":7}},"loc":{"start":{"line":12,"column":28},"end":{"line":15,"column":1}},"line":12},"3":{"name":"(anonymous_3)","decl":{"start":{"line":16,"column":80},"end":{"line":16,"column":81}},"loc":{"start":{"line":16,"column":95},"end":{"line":18,"column":1}},"line":16},"4":{"name":"(anonymous_4)","decl":{"start":{"line":18,"column":5},"end":{"line":18,"column":6}},"loc":{"start":{"line":18,"column":20},"end":{"line":20,"column":1}},"line":18},"5":{"name":"(anonymous_5)","decl":{"start":{"line":21,"column":51},"end":{"line":21,"column":52}},"loc":{"start":{"line":21,"column":63},"end":{"line":37,"column":1}},"line":21},"6":{"name":"(anonymous_6)","decl":{"start":{"line":22,"column":18},"end":{"line":22,"column":19}},"loc":{"start":{"line":22,"column":30},"end":{"line":29,"column":5}},"line":22},"7":{"name":"(anonymous_7)","decl":{"start":{"line":23,"column":48},"end":{"line":23,"column":49}},"loc":{"start":{"line":23,"column":61},"end":{"line":27,"column":9}},"line":23},"8":{"name":"(anonymous_8)","decl":{"start":{"line":30,"column":11},"end":{"line":30,"column":12}},"loc":{"start":{"line":30,"column":26},"end":{"line":36,"column":5}},"line":30},"9":{"name":"ensureInitialized","decl":{"start":{"line":59,"column":9},"end":{"line":59,"column":26}},"loc":{"start":{"line":59,"column":29},"end":{"line":64,"column":1}},"line":59},"10":{"name":"rowToUser","decl":{"start":{"line":65,"column":9},"end":{"line":65,"column":18}},"loc":{"start":{"line":65,"column":24},"end":{"line":85,"column":1}},"line":65},"11":{"name":"getAllUsers","decl":{"start":{"line":86,"column":15},"end":{"line":86,"column":26}},"loc":{"start":{"line":86,"column":29},"end":{"line":91,"column":1}},"line":86},"12":{"name":"getUserById","decl":{"start":{"line":92,"column":15},"end":{"line":92,"column":26}},"loc":{"start":{"line":92,"column":31},"end":{"line":97,"column":1}},"line":92},"13":{"name":"getUserByEmail","decl":{"start":{"line":98,"column":15},"end":{"line":98,"column":29}},"loc":{"start":{"line":98,"column":37},"end":{"line":103,"column":1}},"line":98},"14":{"name":"getCurrentMonthStart","decl":{"start":{"line":104,"column":9},"end":{"line":104,"column":29}},"loc":{"start":{"line":104,"column":32},"end":{"line":107,"column":1}},"line":104},"15":{"name":"createUser","decl":{"start":{"line":108,"column":15},"end":{"line":108,"column":25}},"loc":{"start":{"line":108,"column":32},"end":{"line":165,"column":1}},"line":108},"16":{"name":"updateUser","decl":{"start":{"line":166,"column":15},"end":{"line":166,"column":25}},"loc":{"start":{"line":166,"column":39},"end":{"line":214,"column":1}},"line":166},"17":{"name":"saveUser","decl":{"start":{"line":215,"column":15},"end":{"line":215,"column":23}},"loc":{"start":{"line":215,"column":30},"end":{"line":273,"column":1}},"line":215},"18":{"name":"setUserTier","decl":{"start":{"line":274,"column":15},"end":{"line":274,"column":26}},"loc":{"start":{"line":274,"column":55},"end":{"line":294,"column":1}},"line":274},"19":{"name":"getAdminEmails","decl":{"start":{"line":295,"column":9},"end":{"line":295,"column":23}},"loc":{"start":{"line":295,"column":26},"end":{"line":303,"column":1}},"line":295},"20":{"name":"(anonymous_20)","decl":{"start":{"line":301,"column":13},"end":{"line":301,"column":14}},"loc":{"start":{"line":301,"column":18},"end":{"line":301,"column":40}},"line":301},"21":{"name":"(anonymous_21)","decl":{"start":{"line":302,"column":16},"end":{"line":302,"column":17}},"loc":{"start":{"line":302,"column":21},"end":{"line":302,"column":33}},"line":302},"22":{"name":"bootstrapAdmin","decl":{"start":{"line":304,"column":15},"end":{"line":304,"column":29}},"loc":{"start":{"line":304,"column":32},"end":{"line":323,"column":1}},"line":304},"23":{"name":"(anonymous_23)","decl":{"start":{"line":313,"column":30},"end":{"line":313,"column":31}},"loc":{"start":{"line":313,"column":36},"end":{"line":318,"column":5}},"line":313},"24":{"name":"deleteUser","decl":{"start":{"line":324,"column":15},"end":{"line":324,"column":25}},"loc":{"start":{"line":324,"column":30},"end":{"line":329,"column":1}},"line":324},"25":{"name":"hashPassword","decl":{"start":{"line":330,"column":15},"end":{"line":330,"column":27}},"loc":{"start":{"line":330,"column":38},"end":{"line":332,"column":1}},"line":330},"26":{"name":"verifyPassword","decl":{"start":{"line":333,"column":15},"end":{"line":333,"column":29}},"loc":{"start":{"line":333,"column":46},"end":{"line":335,"column":1}},"line":333},"27":{"name":"toUserWithoutPassword","decl":{"start":{"line":336,"column":9},"end":{"line":336,"column":30}},"loc":{"start":{"line":336,"column":37},"end":{"line":342,"column":1}},"line":336}},"branchMap":{"0":{"loc":{"start":{"line":5,"column":22},"end":{"line":15,"column":3}},"type":"binary-expr","locations":[{"start":{"line":5,"column":23},"end":{"line":5,"column":27}},{"start":{"line":5,"column":31},"end":{"line":5,"column":51}},{"start":{"line":5,"column":57},"end":{"line":15,"column":2}}],"line":5},"1":{"loc":{"start":{"line":5,"column":57},"end":{"line":15,"column":2}},"type":"cond-expr","locations":[{"start":{"line":5,"column":74},"end":{"line":12,"column":1}},{"start":{"line":12,"column":6},"end":{"line":15,"column":1}}],"line":5},"2":{"loc":{"start":{"line":6,"column":4},"end":{"line":6,"column":33}},"type":"if","locations":[{"start":{"line":6,"column":4},"end":{"line":6,"column":33}},{"start":{},"end":{}}],"line":6},"3":{"loc":{"start":{"line":8,"column":4},"end":{"line":10,"column":5}},"type":"if","locations":[{"start":{"line":8,"column":4},"end":{"line":10,"column":5}},{"start":{},"end":{}}],"line":8},"4":{"loc":{"start":{"line":8,"column":8},"end":{"line":8,"column":85}},"type":"binary-expr","locations":[{"start":{"line":8,"column":8},"end":{"line":8,"column":13}},{"start":{"line":8,"column":18},"end":{"line":8,"column":84}}],"line":8},"5":{"loc":{"start":{"line":8,"column":18},"end":{"line":8,"column":84}},"type":"cond-expr","locations":[{"start":{"line":8,"column":34},"end":{"line":8,"column":47}},{"start":{"line":8,"column":50},"end":{"line":8,"column":84}}],"line":8},"6":{"loc":{"start":{"line":8,"column":50},"end":{"line":8,"column":84}},"type":"binary-expr","locations":[{"start":{"line":8,"column":50},"end":{"line":8,"column":63}},{"start":{"line":8,"column":67},"end":{"line":8,"column":84}}],"line":8},"7":{"loc":{"start":{"line":13,"column":4},"end":{"line":13,"column":33}},"type":"if","locations":[{"start":{"line":13,"column":4},"end":{"line":13,"column":33}},{"start":{},"end":{}}],"line":13},"8":{"loc":{"start":{"line":16,"column":25},"end":{"line":20,"column":2}},"type":"binary-expr","locations":[{"start":{"line":16,"column":26},"end":{"line":16,"column":30}},{"start":{"line":16,"column":34},"end":{"line":16,"column":57}},{"start":{"line":16,"column":63},"end":{"line":20,"column":1}}],"line":16},"9":{"loc":{"start":{"line":16,"column":63},"end":{"line":20,"column":1}},"type":"cond-expr","locations":[{"start":{"line":16,"column":80},"end":{"line":18,"column":1}},{"start":{"line":18,"column":5},"end":{"line":20,"column":1}}],"line":16},"10":{"loc":{"start":{"line":21,"column":19},"end":{"line":37,"column":4}},"type":"binary-expr","locations":[{"start":{"line":21,"column":20},"end":{"line":21,"column":24}},{"start":{"line":21,"column":28},"end":{"line":21,"column":45}},{"start":{"line":21,"column":50},"end":{"line":37,"column":4}}],"line":21},"11":{"loc":{"start":{"line":23,"column":18},"end":{"line":27,"column":9}},"type":"binary-expr","locations":[{"start":{"line":23,"column":18},"end":{"line":23,"column":44}},{"start":{"line":23,"column":48},"end":{"line":27,"column":9}}],"line":23},"12":{"loc":{"start":{"line":25,"column":29},"end":{"line":25,"column":95}},"type":"if","locations":[{"start":{"line":25,"column":29},"end":{"line":25,"column":95}},{"start":{},"end":{}}],"line":25},"13":{"loc":{"start":{"line":31,"column":8},"end":{"line":31,"column":46}},"type":"if","locations":[{"start":{"line":31,"column":8},"end":{"line":31,"column":46}},{"start":{},"end":{}}],"line":31},"14":{"loc":{"start":{"line":31,"column":12},"end":{"line":31,"column":33}},"type":"binary-expr","locations":[{"start":{"line":31,"column":12},"end":{"line":31,"column":15}},{"start":{"line":31,"column":19},"end":{"line":31,"column":33}}],"line":31},"15":{"loc":{"start":{"line":33,"column":8},"end":{"line":33,"column":137}},"type":"if","locations":[{"start":{"line":33,"column":8},"end":{"line":33,"column":137}},{"start":{},"end":{}}],"line":33},"16":{"loc":{"start":{"line":33,"column":78},"end":{"line":33,"column":137}},"type":"if","locations":[{"start":{"line":33,"column":78},"end":{"line":33,"column":137}},{"start":{},"end":{}}],"line":33},"17":{"loc":{"start":{"line":60,"column":4},"end":{"line":63,"column":5}},"type":"if","locations":[{"start":{"line":60,"column":4},"end":{"line":63,"column":5}},{"start":{},"end":{}}],"line":60},"18":{"loc":{"start":{"line":75,"column":20},"end":{"line":75,"column":43}},"type":"binary-expr","locations":[{"start":{"line":75,"column":20},"end":{"line":75,"column":35}},{"start":{"line":75,"column":39},"end":{"line":75,"column":43}}],"line":75},"19":{"loc":{"start":{"line":76,"column":27},"end":{"line":76,"column":58}},"type":"binary-expr","locations":[{"start":{"line":76,"column":27},"end":{"line":76,"column":50}},{"start":{"line":76,"column":54},"end":{"line":76,"column":58}}],"line":76},"20":{"loc":{"start":{"line":79,"column":18},"end":{"line":79,"column":100}},"type":"cond-expr","locations":[{"start":{"line":79,"column":53},"end":{"line":79,"column":77}},{"start":{"line":79,"column":81},"end":{"line":79,"column":99}}],"line":79},"21":{"loc":{"start":{"line":79,"column":81},"end":{"line":79,"column":99}},"type":"binary-expr","locations":[{"start":{"line":79,"column":81},"end":{"line":79,"column":93}},{"start":{"line":79,"column":97},"end":{"line":79,"column":99}}],"line":79},"22":{"loc":{"start":{"line":80,"column":14},"end":{"line":80,"column":35}},"type":"binary-expr","locations":[{"start":{"line":80,"column":14},"end":{"line":80,"column":22}},{"start":{"line":80,"column":26},"end":{"line":80,"column":35}}],"line":80},"23":{"loc":{"start":{"line":82,"column":14},"end":{"line":82,"column":35}},"type":"binary-expr","locations":[{"start":{"line":82,"column":14},"end":{"line":82,"column":22}},{"start":{"line":82,"column":26},"end":{"line":82,"column":35}}],"line":82},"24":{"loc":{"start":{"line":83,"column":15},"end":{"line":83,"column":80}},"type":"cond-expr","locations":[{"start":{"line":83,"column":47},"end":{"line":83,"column":68}},{"start":{"line":83,"column":71},"end":{"line":83,"column":80}}],"line":83},"25":{"loc":{"start":{"line":96,"column":11},"end":{"line":96,"column":38}},"type":"cond-expr","locations":[{"start":{"line":96,"column":17},"end":{"line":96,"column":31}},{"start":{"line":96,"column":34},"end":{"line":96,"column":38}}],"line":96},"26":{"loc":{"start":{"line":102,"column":11},"end":{"line":102,"column":43}},"type":"cond-expr","locations":[{"start":{"line":102,"column":17},"end":{"line":102,"column":31}},{"start":{"line":102,"column":34},"end":{"line":102,"column":43}}],"line":102},"27":{"loc":{"start":{"line":112,"column":4},"end":{"line":114,"column":5}},"type":"if","locations":[{"start":{"line":112,"column":4},"end":{"line":114,"column":5}},{"start":{},"end":{}}],"line":112},"28":{"loc":{"start":{"line":119,"column":14},"end":{"line":119,"column":33}},"type":"binary-expr","locations":[{"start":{"line":119,"column":14},"end":{"line":119,"column":23}},{"start":{"line":119,"column":27},"end":{"line":119,"column":33}}],"line":119},"29":{"loc":{"start":{"line":120,"column":14},"end":{"line":120,"column":33}},"type":"binary-expr","locations":[{"start":{"line":120,"column":14},"end":{"line":120,"column":23}},{"start":{"line":120,"column":27},"end":{"line":120,"column":33}}],"line":120},"30":{"loc":{"start":{"line":121,"column":15},"end":{"line":126,"column":9}},"type":"binary-expr","locations":[{"start":{"line":121,"column":15},"end":{"line":121,"column":25}},{"start":{"line":121,"column":29},"end":{"line":126,"column":9}}],"line":121},"31":{"loc":{"start":{"line":150,"column":24},"end":{"line":150,"column":50}},"type":"cond-expr","locations":[{"start":{"line":150,"column":45},"end":{"line":150,"column":46}},{"start":{"line":150,"column":49},"end":{"line":150,"column":50}}],"line":150},"32":{"loc":{"start":{"line":151,"column":33},"end":{"line":151,"column":67}},"type":"binary-expr","locations":[{"start":{"line":151,"column":33},"end":{"line":151,"column":59}},{"start":{"line":151,"column":63},"end":{"line":151,"column":67}}],"line":151},"33":{"loc":{"start":{"line":152,"column":36},"end":{"line":152,"column":73}},"type":"binary-expr","locations":[{"start":{"line":152,"column":36},"end":{"line":152,"column":65}},{"start":{"line":152,"column":69},"end":{"line":152,"column":73}}],"line":152},"34":{"loc":{"start":{"line":153,"column":21},"end":{"line":153,"column":44}},"type":"binary-expr","locations":[{"start":{"line":153,"column":21},"end":{"line":153,"column":36}},{"start":{"line":153,"column":40},"end":{"line":153,"column":44}}],"line":153},"35":{"loc":{"start":{"line":154,"column":29},"end":{"line":154,"column":59}},"type":"binary-expr","locations":[{"start":{"line":154,"column":29},"end":{"line":154,"column":51}},{"start":{"line":154,"column":55},"end":{"line":154,"column":59}}],"line":154},"36":{"loc":{"start":{"line":158,"column":14},"end":{"line":158,"column":31}},"type":"binary-expr","locations":[{"start":{"line":158,"column":14},"end":{"line":158,"column":23}},{"start":{"line":158,"column":27},"end":{"line":158,"column":31}}],"line":158},"37":{"loc":{"start":{"line":159,"column":33},"end":{"line":159,"column":67}},"type":"binary-expr","locations":[{"start":{"line":159,"column":33},"end":{"line":159,"column":59}},{"start":{"line":159,"column":63},"end":{"line":159,"column":67}}],"line":159},"38":{"loc":{"start":{"line":160,"column":33},"end":{"line":160,"column":67}},"type":"binary-expr","locations":[{"start":{"line":160,"column":33},"end":{"line":160,"column":59}},{"start":{"line":160,"column":63},"end":{"line":160,"column":67}}],"line":160},"39":{"loc":{"start":{"line":161,"column":14},"end":{"line":161,"column":33}},"type":"binary-expr","locations":[{"start":{"line":161,"column":14},"end":{"line":161,"column":23}},{"start":{"line":161,"column":27},"end":{"line":161,"column":33}}],"line":161},"40":{"loc":{"start":{"line":162,"column":15},"end":{"line":162,"column":61}},"type":"cond-expr","locations":[{"start":{"line":162,"column":28},"end":{"line":162,"column":54}},{"start":{"line":162,"column":57},"end":{"line":162,"column":61}}],"line":162},"41":{"loc":{"start":{"line":170,"column":4},"end":{"line":171,"column":20}},"type":"if","locations":[{"start":{"line":170,"column":4},"end":{"line":171,"column":20}},{"start":{},"end":{}}],"line":170},"42":{"loc":{"start":{"line":200,"column":24},"end":{"line":200,"column":52}},"type":"cond-expr","locations":[{"start":{"line":200,"column":47},"end":{"line":200,"column":48}},{"start":{"line":200,"column":51},"end":{"line":200,"column":52}}],"line":200},"43":{"loc":{"start":{"line":201,"column":33},"end":{"line":201,"column":69}},"type":"binary-expr","locations":[{"start":{"line":201,"column":33},"end":{"line":201,"column":61}},{"start":{"line":201,"column":65},"end":{"line":201,"column":69}}],"line":201},"44":{"loc":{"start":{"line":202,"column":36},"end":{"line":202,"column":75}},"type":"binary-expr","locations":[{"start":{"line":202,"column":36},"end":{"line":202,"column":67}},{"start":{"line":202,"column":71},"end":{"line":202,"column":75}}],"line":202},"45":{"loc":{"start":{"line":203,"column":21},"end":{"line":203,"column":46}},"type":"binary-expr","locations":[{"start":{"line":203,"column":21},"end":{"line":203,"column":38}},{"start":{"line":203,"column":42},"end":{"line":203,"column":46}}],"line":203},"46":{"loc":{"start":{"line":204,"column":29},"end":{"line":204,"column":61}},"type":"binary-expr","locations":[{"start":{"line":204,"column":29},"end":{"line":204,"column":53}},{"start":{"line":204,"column":57},"end":{"line":204,"column":61}}],"line":204},"47":{"loc":{"start":{"line":207,"column":14},"end":{"line":207,"column":33}},"type":"binary-expr","locations":[{"start":{"line":207,"column":14},"end":{"line":207,"column":25}},{"start":{"line":207,"column":29},"end":{"line":207,"column":33}}],"line":207},"48":{"loc":{"start":{"line":208,"column":33},"end":{"line":208,"column":69}},"type":"binary-expr","locations":[{"start":{"line":208,"column":33},"end":{"line":208,"column":61}},{"start":{"line":208,"column":65},"end":{"line":208,"column":69}}],"line":208},"49":{"loc":{"start":{"line":209,"column":33},"end":{"line":209,"column":69}},"type":"binary-expr","locations":[{"start":{"line":209,"column":33},"end":{"line":209,"column":61}},{"start":{"line":209,"column":65},"end":{"line":209,"column":69}}],"line":209},"50":{"loc":{"start":{"line":210,"column":14},"end":{"line":210,"column":35}},"type":"binary-expr","locations":[{"start":{"line":210,"column":14},"end":{"line":210,"column":25}},{"start":{"line":210,"column":29},"end":{"line":210,"column":35}}],"line":210},"51":{"loc":{"start":{"line":211,"column":15},"end":{"line":211,"column":65}},"type":"cond-expr","locations":[{"start":{"line":211,"column":30},"end":{"line":211,"column":58}},{"start":{"line":211,"column":61},"end":{"line":211,"column":65}}],"line":211},"52":{"loc":{"start":{"line":259,"column":24},"end":{"line":259,"column":57}},"type":"cond-expr","locations":[{"start":{"line":259,"column":52},"end":{"line":259,"column":53}},{"start":{"line":259,"column":56},"end":{"line":259,"column":57}}],"line":259},"53":{"loc":{"start":{"line":260,"column":33},"end":{"line":260,"column":74}},"type":"binary-expr","locations":[{"start":{"line":260,"column":33},"end":{"line":260,"column":66}},{"start":{"line":260,"column":70},"end":{"line":260,"column":74}}],"line":260},"54":{"loc":{"start":{"line":261,"column":36},"end":{"line":261,"column":80}},"type":"binary-expr","locations":[{"start":{"line":261,"column":36},"end":{"line":261,"column":72}},{"start":{"line":261,"column":76},"end":{"line":261,"column":80}}],"line":261},"55":{"loc":{"start":{"line":262,"column":21},"end":{"line":262,"column":51}},"type":"binary-expr","locations":[{"start":{"line":262,"column":21},"end":{"line":262,"column":43}},{"start":{"line":262,"column":47},"end":{"line":262,"column":51}}],"line":262},"56":{"loc":{"start":{"line":263,"column":29},"end":{"line":263,"column":66}},"type":"binary-expr","locations":[{"start":{"line":263,"column":29},"end":{"line":263,"column":58}},{"start":{"line":263,"column":62},"end":{"line":263,"column":66}}],"line":263},"57":{"loc":{"start":{"line":267,"column":14},"end":{"line":267,"column":38}},"type":"binary-expr","locations":[{"start":{"line":267,"column":14},"end":{"line":267,"column":30}},{"start":{"line":267,"column":34},"end":{"line":267,"column":38}}],"line":267},"58":{"loc":{"start":{"line":268,"column":33},"end":{"line":268,"column":74}},"type":"binary-expr","locations":[{"start":{"line":268,"column":33},"end":{"line":268,"column":66}},{"start":{"line":268,"column":70},"end":{"line":268,"column":74}}],"line":268},"59":{"loc":{"start":{"line":269,"column":33},"end":{"line":269,"column":74}},"type":"binary-expr","locations":[{"start":{"line":269,"column":33},"end":{"line":269,"column":66}},{"start":{"line":269,"column":70},"end":{"line":269,"column":74}}],"line":269},"60":{"loc":{"start":{"line":270,"column":14},"end":{"line":270,"column":40}},"type":"binary-expr","locations":[{"start":{"line":270,"column":14},"end":{"line":270,"column":30}},{"start":{"line":270,"column":34},"end":{"line":270,"column":40}}],"line":270},"61":{"loc":{"start":{"line":271,"column":15},"end":{"line":271,"column":75}},"type":"cond-expr","locations":[{"start":{"line":271,"column":35},"end":{"line":271,"column":68}},{"start":{"line":271,"column":71},"end":{"line":271,"column":75}}],"line":271},"62":{"loc":{"start":{"line":277,"column":4},"end":{"line":278,"column":20}},"type":"if","locations":[{"start":{"line":277,"column":4},"end":{"line":278,"column":20}},{"start":{},"end":{}}],"line":277},"63":{"loc":{"start":{"line":280,"column":4},"end":{"line":287,"column":5}},"type":"if","locations":[{"start":{"line":280,"column":4},"end":{"line":287,"column":5}},{"start":{},"end":{}}],"line":280},"64":{"loc":{"start":{"line":284,"column":16},"end":{"line":284,"column":79}},"type":"binary-expr","locations":[{"start":{"line":284,"column":16},"end":{"line":284,"column":26}},{"start":{"line":284,"column":30},"end":{"line":284,"column":79}}],"line":284},"65":{"loc":{"start":{"line":288,"column":4},"end":{"line":292,"column":5}},"type":"if","locations":[{"start":{"line":288,"column":4},"end":{"line":292,"column":5}},{"start":{},"end":{}}],"line":288},"66":{"loc":{"start":{"line":288,"column":8},"end":{"line":288,"column":40}},"type":"binary-expr","locations":[{"start":{"line":288,"column":8},"end":{"line":288,"column":20}},{"start":{"line":288,"column":24},"end":{"line":288,"column":40}}],"line":288},"67":{"loc":{"start":{"line":297,"column":4},"end":{"line":298,"column":18}},"type":"if","locations":[{"start":{"line":297,"column":4},"end":{"line":298,"column":18}},{"start":{},"end":{}}],"line":297},"68":{"loc":{"start":{"line":297,"column":8},"end":{"line":297,"column":27}},"type":"binary-expr","locations":[{"start":{"line":297,"column":8},"end":{"line":297,"column":12}},{"start":{"line":297,"column":16},"end":{"line":297,"column":27}}],"line":297},"69":{"loc":{"start":{"line":308,"column":4},"end":{"line":309,"column":15}},"type":"if","locations":[{"start":{"line":308,"column":4},"end":{"line":309,"column":15}},{"start":{},"end":{}}],"line":308},"70":{"loc":{"start":{"line":320,"column":4},"end":{"line":322,"column":5}},"type":"if","locations":[{"start":{"line":320,"column":4},"end":{"line":322,"column":5}},{"start":{},"end":{}}],"line":320},"71":{"loc":{"start":{"line":340,"column":21},"end":{"line":340,"column":50}},"type":"binary-expr","locations":[{"start":{"line":340,"column":21},"end":{"line":340,"column":37}},{"start":{"line":340,"column":41},"end":{"line":340,"column":50}}],"line":340}},"s":{"0":1,"1":12,"2":12,"3":12,"4":12,"5":12,"6":5,"7":12,"8":0,"9":0,"10":0,"11":1,"12":1,"13":0,"14":1,"15":1,"16":1,"17":0,"18":0,"19":0,"20":0,"21":0,"22":1,"23":1,"24":1,"25":0,"26":1,"27":1,"28":1,"29":1,"30":1,"31":12,"32":12,"33":1,"34":1,"35":1,"36":1,"37":1,"38":1,"39":1,"40":1,"41":1,"42":1,"43":1,"44":1,"45":1,"46":1,"47":1,"48":1,"49":1,"50":1,"51":1,"52":1,"53":1,"54":1,"55":1,"56":35,"57":1,"58":1,"59":13,"60":2,"61":2,"62":2,"63":2,"64":13,"65":13,"66":13,"67":13,"68":4,"69":4,"70":4,"71":4,"72":1,"73":1,"74":2,"75":2,"76":2,"77":2,"78":1,"79":1,"80":1,"81":1,"82":1,"83":1,"84":5,"85":5,"86":5,"87":5,"88":1,"89":4,"90":4,"91":4,"92":4,"93":4,"94":3,"95":3,"96":3,"97":3,"98":3,"99":4,"100":4,"101":4,"102":1,"103":3,"104":3,"105":2,"106":2,"107":2,"108":3,"109":2,"110":2,"111":2,"112":3,"113":0,"114":0,"115":0,"116":0,"117":0,"118":0,"119":0,"120":0,"121":0,"122":0,"123":0,"124":0,"125":0,"126":0,"127":0,"128":0,"129":0,"130":0,"131":0,"132":0,"133":0,"134":2,"135":2,"136":2,"137":2,"138":3,"139":2,"140":0,"141":0,"142":1,"143":1},"f":{"0":12,"1":5,"2":0,"3":1,"4":0,"5":1,"6":1,"7":0,"8":1,"9":35,"10":13,"11":2,"12":13,"13":4,"14":1,"15":2,"16":5,"17":3,"18":4,"19":0,"20":0,"21":0,"22":0,"23":0,"24":2,"25":3,"26":2,"27":0},"b":{"0":[1,1,1],"1":[1,0],"2":[12,0],"3":[12,0],"4":[12,12],"5":[0,12],"6":[12,0],"7":[0,0],"8":[1,1,1],"9":[1,0],"10":[1,1,1],"11":[1,0],"12":[0,0],"13":[0,1],"14":[1,1],"15":[1,0],"16":[12,0],"17":[1,34],"18":[13,13],"19":[13,13],"20":[13,0],"21":[0,0],"22":[13,0],"23":[13,0],"24":[13,0],"25":[9,4],"26":[2,2],"27":[1,1],"28":[1,1],"29":[1,1],"30":[1,1],"31":[0,1],"32":[1,1],"33":[1,1],"34":[1,1],"35":[1,1],"36":[1,0],"37":[1,1],"38":[1,1],"39":[1,0],"40":[1,0],"41":[1,4],"42":[4,0],"43":[4,4],"44":[4,4],"45":[4,4],"46":[4,4],"47":[4,0],"48":[4,2],"49":[4,1],"50":[4,0],"51":[4,0],"52":[3,0],"53":[3,3],"54":[3,3],"55":[3,3],"56":[3,3],"57":[3,0],"58":[3,3],"59":[3,3],"60":[3,0],"61":[3,0],"62":[1,3],"63":[2,1],"64":[2,0],"65":[2,1],"66":[3,2],"67":[0,0],"68":[0,0],"69":[0,0],"70":[0,0],"71":[0,0]},"_coverageSchema":"1a1c01bbd47fc00a2c39e90264f33305004495a9","hash":"01afd5cd490bfb5034ed57d7836681f5a8897d60"}
}
