TN:
SF:src\middleware\auth.ts
FN:2,(anonymous_0)
FN:6,(anonymous_1)
FN:9,(anonymous_2)
FN:13,(anonymous_3)
FN:15,(anonymous_4)
FN:18,(anonymous_5)
FN:19,(anonymous_6)
FN:20,(anonymous_7)
FN:27,(anonymous_8)
FN:48,authenticate
FN:95,optionalAuth
FN:120,requireAuth
FN:131,requireAdmin
FN:146,(anonymous_13)
FN:162,cleanupLoginAttempts
FN:182,checkLoginLock
FN:206,recordFailedAttempt
FN:222,(anonymous_17)
FN:225,(anonymous_18)
FN:231,clearLoginAttempts
FNF:20
FNH:10
FNDA:177,(anonymous_0)
FNDA:0,(anonymous_1)
FNDA:0,(anonymous_2)
FNDA:1,(anonymous_3)
FNDA:0,(anonymous_4)
FNDA:1,(anonymous_5)
FNDA:1,(anonymous_6)
FNDA:0,(anonymous_7)
FNDA:1,(anonymous_8)
FNDA:5,authenticate
FNDA:3,optionalAuth
FNDA:3,requireAuth
FNDA:4,requireAdmin
FNDA:1,(anonymous_13)
FNDA:0,cleanupLoginAttempts
FNDA:0,checkLoginLock
FNDA:0,recordFailedAttempt
FNDA:0,(anonymous_17)
FNDA:0,(anonymous_18)
FNDA:0,clearLoginAttempts
DA:2,1
DA:3,177
DA:4,177
DA:5,177
DA:6,177
DA:8,177
DA:10,0
DA:11,0
DA:13,1
DA:14,1
DA:16,0
DA:18,1
DA:19,1
DA:20,1
DA:21,0
DA:22,0
DA:23,0
DA:25,1
DA:27,1
DA:28,1
DA:29,1
DA:30,177
DA:31,1
DA:32,1
DA:35,1
DA:36,1
DA:37,1
DA:38,1
DA:39,1
DA:40,1
DA:41,1
DA:42,1
DA:43,1
DA:44,1
DA:45,1
DA:46,1
DA:47,1
DA:49,5
DA:56,5
DA:57,1
DA:58,1
DA:60,4
DA:61,1
DA:62,1
DA:64,3
DA:65,3
DA:66,1
DA:67,1
DA:69,2
DA:70,2
DA:71,2
DA:72,1
DA:75,0
DA:76,0
DA:77,0
DA:79,0
DA:80,0
DA:82,1
DA:83,1
DA:87,1
DA:88,0
DA:89,0
DA:91,1
DA:92,1
DA:96,3
DA:97,3
DA:98,1
DA:99,1
DA:101,2
DA:102,2
DA:103,0
DA:104,0
DA:106,2
DA:107,2
DA:108,2
DA:109,1
DA:110,0
DA:111,0
DA:113,1
DA:118,2
DA:121,3
DA:122,2
DA:127,2
DA:129,1
DA:132,4
DA:133,1
DA:138,1
DA:140,3
DA:141,1
DA:142,1
DA:144,2
DA:145,2
DA:146,1
DA:147,1
DA:148,1
DA:149,1
DA:152,1
DA:158,1
DA:159,1
DA:160,1
DA:161,1
DA:163,0
DA:164,0
DA:166,0
DA:168,0
DA:177,1
DA:183,0
DA:185,0
DA:186,0
DA:187,0
DA:189,0
DA:190,0
DA:191,0
DA:192,0
DA:193,0
DA:195,0
DA:207,0
DA:208,0
DA:209,0
DA:210,0
DA:211,0
DA:212,0
DA:214,0
DA:215,0
DA:216,0
DA:217,0
DA:218,0
DA:219,0
DA:221,0
DA:222,0
DA:224,0
DA:225,0
DA:232,0
DA:233,0
DA:235,1
DA:241,1
LF:136
LH:87
BRDA:2,0,0,1
BRDA:2,0,1,1
BRDA:2,0,2,1
BRDA:2,1,0,1
BRDA:2,1,1,0
BRDA:3,2,0,177
BRDA:3,2,1,0
BRDA:5,3,0,177
BRDA:5,3,1,0
BRDA:5,4,0,177
BRDA:5,4,1,177
BRDA:5,5,0,0
BRDA:5,5,1,177
BRDA:5,6,0,177
BRDA:5,6,1,0
BRDA:10,7,0,0
BRDA:10,7,1,0
BRDA:13,8,0,1
BRDA:13,8,1,1
BRDA:13,8,2,1
BRDA:13,9,0,1
BRDA:13,9,1,0
BRDA:18,10,0,1
BRDA:18,10,1,1
BRDA:18,10,2,1
BRDA:20,11,0,1
BRDA:20,11,1,0
BRDA:22,12,0,0
BRDA:22,12,1,0
BRDA:28,13,0,0
BRDA:28,13,1,1
BRDA:28,14,0,1
BRDA:28,14,1,1
BRDA:30,15,0,1
BRDA:30,15,1,0
BRDA:30,16,0,177
BRDA:30,16,1,0
BRDA:56,17,0,1
BRDA:56,17,1,4
BRDA:56,18,0,5
BRDA:56,18,1,1
BRDA:60,19,0,1
BRDA:60,19,1,3
BRDA:65,20,0,1
BRDA:65,20,1,2
BRDA:65,21,0,3
BRDA:65,21,1,3
BRDA:72,22,0,0
BRDA:72,22,1,1
BRDA:72,23,0,1
BRDA:72,23,1,0
BRDA:75,24,0,0
BRDA:75,24,1,0
BRDA:82,25,0,1
BRDA:82,25,1,0
BRDA:87,26,0,0
BRDA:87,26,1,1
BRDA:91,27,0,1
BRDA:91,27,1,0
BRDA:97,28,0,1
BRDA:97,28,1,2
BRDA:102,29,0,0
BRDA:102,29,1,2
BRDA:102,30,0,2
BRDA:102,30,1,2
BRDA:109,31,0,0
BRDA:109,31,1,1
BRDA:109,32,0,1
BRDA:109,32,1,0
BRDA:113,33,0,1
BRDA:113,33,1,0
BRDA:121,34,0,2
BRDA:121,34,1,1
BRDA:132,35,0,1
BRDA:132,35,1,3
BRDA:140,36,0,1
BRDA:140,36,1,2
BRDA:145,37,0,1
BRDA:145,37,1,1
BRDA:145,38,0,2
BRDA:145,38,1,1
BRDA:147,39,0,1
BRDA:147,39,1,0
BRDA:166,40,0,0
BRDA:166,40,1,0
BRDA:166,41,0,0
BRDA:166,41,1,0
BRDA:166,41,2,0
BRDA:166,41,3,0
BRDA:185,42,0,0
BRDA:185,42,1,0
BRDA:191,43,0,0
BRDA:191,43,1,0
BRDA:191,44,0,0
BRDA:191,44,1,0
BRDA:210,45,0,0
BRDA:210,45,1,0
BRDA:216,46,0,0
BRDA:216,46,1,0
BRDA:221,47,0,0
BRDA:221,47,1,0
BRDA:224,48,0,0
BRDA:224,48,1,0
BRF:103
BRH:57
end_of_record
TN:
SF:src\middleware\quota.ts
FN:14,freshUsage
FN:45,enforceQuota
FN:46,(anonymous_2)
FN:47,(anonymous_3)
FNF:4
FNH:4
FNDA:3,freshUsage
FNDA:8,enforceQuota
FNDA:8,(anonymous_2)
FNDA:8,(anonymous_3)
DA:2,1
DA:3,1
DA:4,1
DA:5,1
DA:6,1
DA:8,1
DA:15,3
DA:46,8
DA:47,8
DA:48,8
DA:49,8
DA:52,8
DA:53,8
DA:54,1
DA:55,1
DA:57,7
DA:58,7
DA:62,7
DA:63,1
DA:64,1
DA:65,1
DA:66,1
DA:67,1
DA:68,1
DA:72,7
DA:73,7
DA:74,1
DA:79,7
DA:80,1
DA:81,1
DA:82,1
DA:83,1
DA:84,1
DA:85,1
DA:88,7
DA:89,7
DA:90,7
DA:91,1
DA:92,1
DA:99,1
DA:102,6
DA:103,6
DA:104,6
DA:106,6
DA:107,6
DA:110,0
LF:46
LH:45
BRDA:53,0,0,1
BRDA:53,0,1,7
BRDA:58,1,0,7
BRDA:58,1,1,0
BRDA:62,2,0,1
BRDA:62,2,1,6
BRDA:62,3,0,7
BRDA:62,3,1,2
BRDA:63,4,0,1
BRDA:63,4,1,0
BRDA:72,5,0,7
BRDA:72,5,1,1
BRDA:73,6,0,1
BRDA:73,6,1,6
BRDA:79,7,0,1
BRDA:79,7,1,6
BRDA:90,8,0,1
BRDA:90,8,1,6
BRF:18
BRH:16
end_of_record
TN:
SF:src\routes\admin.ts
FN:18,sanitizeUser
FN:40,(anonymous_1)
FN:47,(anonymous_2)
FN:57,(anonymous_3)
FN:100,(anonymous_4)
FN:120,(anonymous_5)
FN:133,(anonymous_6)
FN:135,(anonymous_7)
FN:136,(anonymous_8)
FN:137,(anonymous_9)
FN:142,(anonymous_10)
FNF:11
FNH:10
FNDA:8,sanitizeUser
FNDA:1,(anonymous_1)
FNDA:2,(anonymous_2)
FNDA:5,(anonymous_3)
FNDA:2,(anonymous_4)
FNDA:0,(anonymous_5)
FNDA:1,(anonymous_6)
FNDA:3,(anonymous_7)
FNDA:3,(anonymous_8)
FNDA:3,(anonymous_9)
FNDA:3,(anonymous_10)
DA:6,1
DA:7,1
DA:8,1
DA:9,1
DA:10,1
DA:11,1
DA:12,1
DA:13,1
DA:14,1
DA:15,1
DA:16,1
DA:17,1
DA:19,8
DA:40,1
DA:41,1
DA:42,1
DA:47,1
DA:48,2
DA:49,2
DA:50,1
DA:52,1
DA:57,1
DA:58,5
DA:59,5
DA:60,5
DA:61,1
DA:63,4
DA:64,4
DA:65,4
DA:66,0
DA:68,4
DA:72,4
DA:73,1
DA:74,1
DA:78,1
DA:81,3
DA:86,3
DA:87,3
DA:89,4
DA:90,4
DA:94,4
DA:95,4
DA:100,1
DA:101,2
DA:102,2
DA:103,2
DA:104,1
DA:106,1
DA:107,1
DA:108,0
DA:110,1
DA:111,1
DA:112,1
DA:113,1
DA:114,1
DA:115,1
DA:120,1
DA:121,0
DA:122,0
DA:128,0
DA:133,1
DA:134,1
DA:135,3
DA:136,3
DA:137,3
DA:138,1
DA:139,1
DA:140,1
DA:141,1
DA:142,3
DA:143,1
DA:154,1
LF:72
LH:67
BRDA:23,0,0,8
BRDA:23,0,1,0
BRDA:24,1,0,8
BRDA:24,1,1,0
BRDA:25,2,0,8
BRDA:25,2,1,8
BRDA:26,3,0,8
BRDA:26,3,1,8
BRDA:27,4,0,8
BRDA:27,4,1,0
BRDA:49,5,0,1
BRDA:49,5,1,1
BRDA:60,6,0,1
BRDA:60,6,1,4
BRDA:60,7,0,5
BRDA:60,7,1,5
BRDA:65,8,0,0
BRDA:65,8,1,4
BRDA:69,9,0,4
BRDA:69,9,1,0
BRDA:70,10,0,4
BRDA:70,10,1,4
BRDA:72,11,0,1
BRDA:72,11,1,3
BRDA:81,12,0,1
BRDA:81,12,1,2
BRDA:81,13,0,3
BRDA:81,13,1,1
BRDA:83,14,0,1
BRDA:83,14,1,1
BRDA:91,15,0,4
BRDA:91,15,1,0
BRDA:92,16,0,4
BRDA:92,16,1,4
BRDA:103,17,0,1
BRDA:103,17,1,1
BRDA:103,18,0,2
BRDA:103,18,1,2
BRDA:107,19,0,0
BRDA:107,19,1,1
BRDA:110,20,0,1
BRDA:110,20,1,0
BRDA:126,21,0,0
BRDA:126,21,1,0
BRDA:135,22,0,3
BRDA:135,22,1,0
BRDA:142,23,0,3
BRDA:142,23,1,0
BRF:48
BRH:36
end_of_record
TN:
SF:src\services\userService.ts
FN:5,(anonymous_0)
FN:9,(anonymous_1)
FN:12,(anonymous_2)
FN:16,(anonymous_3)
FN:18,(anonymous_4)
FN:21,(anonymous_5)
FN:22,(anonymous_6)
FN:23,(anonymous_7)
FN:30,(anonymous_8)
FN:59,ensureInitialized
FN:65,rowToUser
FN:86,getAllUsers
FN:92,getUserById
FN:98,getUserByEmail
FN:104,getCurrentMonthStart
FN:108,createUser
FN:166,updateUser
FN:215,saveUser
FN:274,setUserTier
FN:295,getAdminEmails
FN:301,(anonymous_20)
FN:302,(anonymous_21)
FN:304,bootstrapAdmin
FN:313,(anonymous_23)
FN:324,deleteUser
FN:330,hashPassword
FN:333,verifyPassword
FN:336,toUserWithoutPassword
FNF:28
FNH:19
FNDA:12,(anonymous_0)
FNDA:5,(anonymous_1)
FNDA:0,(anonymous_2)
FNDA:1,(anonymous_3)
FNDA:0,(anonymous_4)
FNDA:1,(anonymous_5)
FNDA:1,(anonymous_6)
FNDA:0,(anonymous_7)
FNDA:1,(anonymous_8)
FNDA:35,ensureInitialized
FNDA:13,rowToUser
FNDA:2,getAllUsers
FNDA:13,getUserById
FNDA:4,getUserByEmail
FNDA:1,getCurrentMonthStart
FNDA:2,createUser
FNDA:5,updateUser
FNDA:3,saveUser
FNDA:4,setUserTier
FNDA:0,getAdminEmails
FNDA:0,(anonymous_20)
FNDA:0,(anonymous_21)
FNDA:0,bootstrapAdmin
FNDA:0,(anonymous_23)
FNDA:2,deleteUser
FNDA:3,hashPassword
FNDA:2,verifyPassword
FNDA:0,toUserWithoutPassword
DA:5,1
DA:6,12
DA:7,12
DA:8,12
DA:9,12
DA:11,12
DA:13,0
DA:14,0
DA:16,1
DA:17,1
DA:19,0
DA:21,1
DA:22,1
DA:23,1
DA:24,0
DA:25,0
DA:26,0
DA:28,1
DA:30,1
DA:31,1
DA:32,1
DA:33,12
DA:34,1
DA:35,1
DA:38,1
DA:39,1
DA:40,1
DA:41,1
DA:42,1
DA:43,1
DA:44,1
DA:45,1
DA:46,1
DA:47,1
DA:48,1
DA:49,1
DA:50,1
DA:51,1
DA:52,1
DA:53,1
DA:54,1
DA:55,1
DA:56,1
DA:57,1
DA:58,1
DA:60,35
DA:61,1
DA:62,1
DA:66,13
DA:87,2
DA:88,2
DA:89,2
DA:90,2
DA:93,13
DA:94,13
DA:95,13
DA:96,13
DA:99,4
DA:100,4
DA:101,4
DA:102,4
DA:105,1
DA:106,1
DA:109,2
DA:110,2
DA:111,2
DA:112,2
DA:113,1
DA:115,1
DA:116,1
DA:130,1
DA:144,1
DA:164,1
DA:167,5
DA:168,5
DA:169,5
DA:170,5
DA:171,1
DA:172,4
DA:173,4
DA:174,4
DA:194,4
DA:213,4
DA:216,3
DA:217,3
DA:218,3
DA:222,3
DA:253,3
DA:275,4
DA:276,4
DA:277,4
DA:278,1
DA:279,3
DA:280,3
DA:281,2
DA:282,2
DA:283,2
DA:288,3
DA:289,2
DA:290,2
DA:291,2
DA:293,3
DA:296,0
DA:297,0
DA:298,0
DA:299,0
DA:301,0
DA:302,0
DA:305,0
DA:306,0
DA:307,0
DA:308,0
DA:309,0
DA:310,0
DA:311,0
DA:312,0
DA:313,0
DA:314,0
DA:315,0
DA:316,0
DA:319,0
DA:320,0
DA:321,0
DA:325,2
DA:326,2
DA:327,2
DA:328,2
DA:331,3
DA:334,2
DA:337,0
DA:338,0
DA:343,1
DA:358,1
LF:133
LH:104
BRDA:5,0,0,1
BRDA:5,0,1,1
BRDA:5,0,2,1
BRDA:5,1,0,1
BRDA:5,1,1,0
BRDA:6,2,0,12
BRDA:6,2,1,0
BRDA:8,3,0,12
BRDA:8,3,1,0
BRDA:8,4,0,12
BRDA:8,4,1,12
BRDA:8,5,0,0
BRDA:8,5,1,12
BRDA:8,6,0,12
BRDA:8,6,1,0
BRDA:13,7,0,0
BRDA:13,7,1,0
BRDA:16,8,0,1
BRDA:16,8,1,1
BRDA:16,8,2,1
BRDA:16,9,0,1
BRDA:16,9,1,0
BRDA:21,10,0,1
BRDA:21,10,1,1
BRDA:21,10,2,1
BRDA:23,11,0,1
BRDA:23,11,1,0
BRDA:25,12,0,0
BRDA:25,12,1,0
BRDA:31,13,0,0
BRDA:31,13,1,1
BRDA:31,14,0,1
BRDA:31,14,1,1
BRDA:33,15,0,1
BRDA:33,15,1,0
BRDA:33,16,0,12
BRDA:33,16,1,0
BRDA:60,17,0,1
BRDA:60,17,1,34
BRDA:75,18,0,13
BRDA:75,18,1,13
BRDA:76,19,0,13
BRDA:76,19,1,13
BRDA:79,20,0,13
BRDA:79,20,1,0
BRDA:79,21,0,0
BRDA:79,21,1,0
BRDA:80,22,0,13
BRDA:80,22,1,0
BRDA:82,23,0,13
BRDA:82,23,1,0
BRDA:83,24,0,13
BRDA:83,24,1,0
BRDA:96,25,0,9
BRDA:96,25,1,4
BRDA:102,26,0,2
BRDA:102,26,1,2
BRDA:112,27,0,1
BRDA:112,27,1,1
BRDA:119,28,0,1
BRDA:119,28,1,1
BRDA:120,29,0,1
BRDA:120,29,1,1
BRDA:121,30,0,1
BRDA:121,30,1,1
BRDA:150,31,0,0
BRDA:150,31,1,1
BRDA:151,32,0,1
BRDA:151,32,1,1
BRDA:152,33,0,1
BRDA:152,33,1,1
BRDA:153,34,0,1
BRDA:153,34,1,1
BRDA:154,35,0,1
BRDA:154,35,1,1
BRDA:158,36,0,1
BRDA:158,36,1,0
BRDA:159,37,0,1
BRDA:159,37,1,1
BRDA:160,38,0,1
BRDA:160,38,1,1
BRDA:161,39,0,1
BRDA:161,39,1,0
BRDA:162,40,0,1
BRDA:162,40,1,0
BRDA:170,41,0,1
BRDA:170,41,1,4
BRDA:200,42,0,4
BRDA:200,42,1,0
BRDA:201,43,0,4
BRDA:201,43,1,4
BRDA:202,44,0,4
BRDA:202,44,1,4
BRDA:203,45,0,4
BRDA:203,45,1,4
BRDA:204,46,0,4
BRDA:204,46,1,4
BRDA:207,47,0,4
BRDA:207,47,1,0
BRDA:208,48,0,4
BRDA:208,48,1,2
BRDA:209,49,0,4
BRDA:209,49,1,1
BRDA:210,50,0,4
BRDA:210,50,1,0
BRDA:211,51,0,4
BRDA:211,51,1,0
BRDA:259,52,0,3
BRDA:259,52,1,0
BRDA:260,53,0,3
BRDA:260,53,1,3
BRDA:261,54,0,3
BRDA:261,54,1,3
BRDA:262,55,0,3
BRDA:262,55,1,3
BRDA:263,56,0,3
BRDA:263,56,1,3
BRDA:267,57,0,3
BRDA:267,57,1,0
BRDA:268,58,0,3
BRDA:268,58,1,3
BRDA:269,59,0,3
BRDA:269,59,1,3
BRDA:270,60,0,3
BRDA:270,60,1,0
BRDA:271,61,0,3
BRDA:271,61,1,0
BRDA:277,62,0,1
BRDA:277,62,1,3
BRDA:280,63,0,2
BRDA:280,63,1,1
BRDA:284,64,0,2
BRDA:284,64,1,0
BRDA:288,65,0,2
BRDA:288,65,1,1
BRDA:288,66,0,3
BRDA:288,66,1,2
BRDA:297,67,0,0
BRDA:297,67,1,0
BRDA:297,68,0,0
BRDA:297,68,1,0
BRDA:308,69,0,0
BRDA:308,69,1,0
BRDA:320,70,0,0
BRDA:320,70,1,0
BRDA:340,71,0,0
BRDA:340,71,1,0
BRF:147
BRH:104
end_of_record
